execution command:
./flink run -m yarn-cluster -yjm 1024 -ytm 1024 -p 12 ../examples/streaming/SocketWindowWordCount.jar --localhost node3 --port 8000
so we need 13 containers.

2022-09-17 19:02:26,887 INFO  org.apache.flink.runtime.entrypoint.ClusterEntrypoint         - --------------------------------------------------------------------------------
2022-09-17 19:02:26,889 INFO  org.apache.flink.runtime.entrypoint.ClusterEntrypoint         -  Starting YarnSessionClusterEntrypoint (Version: 1.6.4, Rev:6f41481, Date:14.02.2019 @ 20:51:48 CST)
2022-09-17 19:02:26,889 INFO  org.apache.flink.runtime.entrypoint.ClusterEntrypoint         -  OS current user: root
2022-09-17 19:02:27,228 INFO  org.apache.flink.runtime.entrypoint.ClusterEntrypoint         -  Current Hadoop/Kerberos user: root
2022-09-17 19:02:27,228 INFO  org.apache.flink.runtime.entrypoint.ClusterEntrypoint         -  JVM: Java HotSpot(TM) 64-Bit Server VM - Oracle Corporation - 1.8/25.201-b09
2022-09-17 19:02:27,228 INFO  org.apache.flink.runtime.entrypoint.ClusterEntrypoint         -  Maximum heap size: 377 MiBytes
2022-09-17 19:02:27,228 INFO  org.apache.flink.runtime.entrypoint.ClusterEntrypoint         -  JAVA_HOME: /opt/jdk1.8.0_201
2022-09-17 19:02:27,229 INFO  org.apache.flink.runtime.entrypoint.ClusterEntrypoint         -  Hadoop version: 3.3.0
2022-09-17 19:02:27,229 INFO  org.apache.flink.runtime.entrypoint.ClusterEntrypoint         -  JVM Options:
2022-09-17 19:02:27,229 INFO  org.apache.flink.runtime.entrypoint.ClusterEntrypoint         -     -Xmx424m
2022-09-17 19:02:27,229 INFO  org.apache.flink.runtime.entrypoint.ClusterEntrypoint         -     -Dlog.file=/opt/hadoop-3.3.0/logs/userlogs/application_1663538792910_0016/container_1663538792910_0016_01_000001/jobmanager.log
2022-09-17 19:02:27,229 INFO  org.apache.flink.runtime.entrypoint.ClusterEntrypoint         -     -Dlogback.configurationFile=file:logback.xml
2022-09-17 19:02:27,229 INFO  org.apache.flink.runtime.entrypoint.ClusterEntrypoint         -     -Dlog4j.configuration=file:log4j.properties
2022-09-17 19:02:27,229 INFO  org.apache.flink.runtime.entrypoint.ClusterEntrypoint         -  Program Arguments: (none)
2022-09-17 19:02:27,229 INFO  org.apache.flink.runtime.entrypoint.ClusterEntrypoint         -  Classpath: lib/flink-python_2.11-1.6.4.jar:lib/flink-shaded-hadoop2-uber-1.6.4.jar:lib/log4j-1.2.17.jar:lib/slf4j-log4j12-1.7.7.jar:log4j.properties:logback.xml:flink.jar:flink-conf.yaml::/opt/hadoop-3.3.0/etc/hadoop:/opt/hadoop-3.3.0/share/hadoop/common/hadoop-common-2.7.7-tests.jar:/opt/hadoop-3.3.0/share/hadoop/common/hadoop-nfs-2.7.7.jar:/opt/hadoop-3.3.0/share/hadoop/common/hadoop-common-2.7.7.jar:/opt/hadoop-3.3.0/share/hadoop/common/lib/jaxb-impl-2.2.3-1.jar:/opt/hadoop-3.3.0/share/hadoop/common/lib/activation-1.1.jar:/opt/hadoop-3.3.0/share/hadoop/common/lib/hadoop-annotations-2.7.7.jar:/opt/hadoop-3.3.0/share/hadoop/common/lib/commons-configuration-1.6.jar:/opt/hadoop-3.3.0/share/hadoop/common/lib/commons-beanutils-1.7.0.jar:/opt/hadoop-3.3.0/share/hadoop/common/lib/xz-1.0.jar:/opt/hadoop-3.3.0/share/hadoop/common/lib/junit-4.11.jar:/opt/hadoop-3.3.0/share/hadoop/common/lib/commons-httpclient-3.1.jar:/opt/hadoop-3.3.0/share/hadoop/common/lib/stax-api-1.0-2.jar:/opt/hadoop-3.3.0/share/hadoop/common/lib/apacheds-i18n-2.0.0-M15.jar:/opt/hadoop-3.3.0/share/hadoop/common/lib/hadoop-auth-2.7.7.jar:/opt/hadoop-3.3.0/share/hadoop/common/lib/httpclient-4.2.5.jar:/opt/hadoop-3.3.0/share/hadoop/common/lib/jaxb-api-2.2.2.jar:/opt/hadoop-3.3.0/share/hadoop/common/lib/mockito-all-1.8.5.jar:/opt/hadoop-3.3.0/share/hadoop/common/lib/jackson-jaxrs-1.9.13.jar:/opt/hadoop-3.3.0/share/hadoop/common/lib/commons-logging-1.1.3.jar:/opt/hadoop-3.3.0/share/hadoop/common/lib/curator-recipes-2.7.1.jar:/opt/hadoop-3.3.0/share/hadoop/common/lib/jetty-sslengine-6.1.26.jar:/opt/hadoop-3.3.0/share/hadoop/common/lib/jersey-json-1.9.jar:/opt/hadoop-3.3.0/share/hadoop/common/lib/avro-1.7.4.jar:/opt/hadoop-3.3.0/share/hadoop/common/lib/log4j-1.2.17.jar:/opt/hadoop-3.3.0/share/hadoop/common/lib/commons-cli-1.2.jar:/opt/hadoop-3.3.0/share/hadoop/common/lib/commons-digester-1.8.jar:/opt/hadoop-3.3.0/share/hadoop/common/lib/servlet-api-2.5.jar:/opt/hadoop-3.3.0/share/hadoop/common/lib/protobuf-java-2.5.0.jar:/opt/hadoop-3.3.0/share/hadoop/common/lib/xmlenc-0.52.jar:/opt/hadoop-3.3.0/share/hadoop/common/lib/jackson-xc-1.9.13.jar:/opt/hadoop-3.3.0/share/hadoop/common/lib/jetty-util-6.1.26.jar:/opt/hadoop-3.3.0/share/hadoop/common/lib/guava-11.0.2.jar:/opt/hadoop-3.3.0/share/hadoop/common/lib/commons-compress-1.4.1.jar:/opt/hadoop-3.3.0/share/hadoop/common/lib/commons-io-2.4.jar:/opt/hadoop-3.3.0/share/hadoop/common/lib/jackson-core-asl-1.9.13.jar:/opt/hadoop-3.3.0/share/hadoop/common/lib/jersey-core-1.9.jar:/opt/hadoop-3.3.0/share/hadoop/common/lib/jsp-api-2.1.jar:/opt/hadoop-3.3.0/share/hadoop/common/lib/commons-codec-1.4.jar:/opt/hadoop-3.3.0/share/hadoop/common/lib/netty-3.6.2.Final.jar:/opt/hadoop-3.3.0/share/hadoop/common/lib/jetty-6.1.26.jar:/opt/hadoop-3.3.0/share/hadoop/common/lib/commons-beanutils-core-1.8.0.jar:/opt/hadoop-3.3.0/share/hadoop/common/lib/jersey-server-1.9.jar:/opt/hadoop-3.3.0/share/hadoop/common/lib/java-xmlbuilder-0.4.jar:/opt/hadoop-3.3.0/share/hadoop/common/lib/paranamer-2.3.jar:/opt/hadoop-3.3.0/share/hadoop/common/lib/zookeeper-3.4.6.jar:/opt/hadoop-3.3.0/share/hadoop/common/lib/commons-collections-3.2.2.jar:/opt/hadoop-3.3.0/share/hadoop/common/lib/jettison-1.1.jar:/opt/hadoop-3.3.0/share/hadoop/common/lib/asm-3.2.jar:/opt/hadoop-3.3.0/share/hadoop/common/lib/api-asn1-api-1.0.0-M20.jar:/opt/hadoop-3.3.0/share/hadoop/common/lib/apacheds-kerberos-codec-2.0.0-M15.jar:/opt/hadoop-3.3.0/share/hadoop/common/lib/hamcrest-core-1.3.jar:/opt/hadoop-3.3.0/share/hadoop/common/lib/jsch-0.1.54.jar:/opt/hadoop-3.3.0/share/hadoop/common/lib/api-util-1.0.0-M20.jar:/opt/hadoop-3.3.0/share/hadoop/common/lib/curator-framework-2.7.1.jar:/opt/hadoop-3.3.0/share/hadoop/common/lib/commons-net-3.1.jar:/opt/hadoop-3.3.0/share/hadoop/common/lib/gson-2.2.4.jar:/opt/hadoop-3.3.0/share/hadoop/common/lib/slf4j-log4j12-1.7.10.jar:/opt/hadoop-3.3.0/share/hadoop/common/lib/jets3t-0.9.0.jar:/opt/hadoop-3.3.0/share/hadoop/common/lib/commons-lang-2.6.jar:/opt/hadoop-3.3.0/share/hadoop/common/lib/snappy-java-1.0.4.1.jar:/opt/hadoop-3.3.0/share/hadoop/common/lib/jackson-mapper-asl-1.9.13.jar:/opt/hadoop-3.3.0/share/hadoop/common/lib/commons-math3-3.1.1.jar:/opt/hadoop-3.3.0/share/hadoop/common/lib/httpcore-4.2.5.jar:/opt/hadoop-3.3.0/share/hadoop/common/lib/htrace-core-3.1.0-incubating.jar:/opt/hadoop-3.3.0/share/hadoop/common/lib/jsr305-3.0.0.jar:/opt/hadoop-3.3.0/share/hadoop/common/lib/slf4j-api-1.7.10.jar:/opt/hadoop-3.3.0/share/hadoop/common/lib/curator-client-2.7.1.jar:/opt/hadoop-3.3.0/share/hadoop/hdfs/hadoop-hdfs-2.7.7-tests.jar:/opt/hadoop-3.3.0/share/hadoop/hdfs/hadoop-hdfs-2.7.7.jar:/opt/hadoop-3.3.0/share/hadoop/hdfs/hadoop-hdfs-nfs-2.7.7.jar:/opt/hadoop-3.3.0/share/hadoop/hdfs/lib/xercesImpl-2.9.1.jar:/opt/hadoop-3.3.0/share/hadoop/hdfs/lib/commons-logging-1.1.3.jar:/opt/hadoop-3.3.0/share/hadoop/hdfs/lib/log4j-1.2.17.jar:/opt/hadoop-3.3.0/share/hadoop/hdfs/lib/commons-cli-1.2.jar:/opt/hadoop-3.3.0/share/hadoop/hdfs/lib/xml-apis-1.3.04.jar:/opt/hadoop-3.3.0/share/hadoop/hdfs/lib/servlet-api-2.5.jar:/opt/hadoop-3.3.0/share/hadoop/hdfs/lib/protobuf-java-2.5.0.jar:/opt/hadoop-3.3.0/share/hadoop/hdfs/lib/xmlenc-0.52.jar:/opt/hadoop-3.3.0/share/hadoop/hdfs/lib/jetty-util-6.1.26.jar:/opt/hadoop-3.3.0/share/hadoop/hdfs/lib/guava-11.0.2.jar:/opt/hadoop-3.3.0/share/hadoop/hdfs/lib/commons-io-2.4.jar:/opt/hadoop-3.3.0/share/hadoop/hdfs/lib/jackson-core-asl-1.9.13.jar:/opt/hadoop-3.3.0/share/hadoop/hdfs/lib/jersey-core-1.9.jar:/opt/hadoop-3.3.0/share/hadoop/hdfs/lib/commons-codec-1.4.jar:/opt/hadoop-3.3.0/share/hadoop/hdfs/lib/netty-3.6.2.Final.jar:/opt/hadoop-3.3.0/share/hadoop/hdfs/lib/jetty-6.1.26.jar:/opt/hadoop-3.3.0/share/hadoop/hdfs/lib/jersey-server-1.9.jar:/opt/hadoop-3.3.0/share/hadoop/hdfs/lib/asm-3.2.jar:/opt/hadoop-3.3.0/share/hadoop/hdfs/lib/commons-lang-2.6.jar:/opt/hadoop-3.3.0/share/hadoop/hdfs/lib/leveldbjni-all-1.8.jar:/opt/hadoop-3.3.0/share/hadoop/hdfs/lib/jackson-mapper-asl-1.9.13.jar:/opt/hadoop-3.3.0/share/hadoop/hdfs/lib/netty-all-4.0.23.Final.jar:/opt/hadoop-3.3.0/share/hadoop/hdfs/lib/commons-daemon-1.0.13.jar:/opt/hadoop-3.3.0/share/hadoop/hdfs/lib/htrace-core-3.1.0-incubating.jar:/opt/hadoop-3.3.0/share/hadoop/hdfs/lib/jsr305-3.0.0.jar:/opt/hadoop-3.3.0/share/hadoop/yarn/hadoop-yarn-server-resourcemanager-2.7.7.jar:/opt/hadoop-3.3.0/share/hadoop/yarn/hadoop-yarn-server-common-2.7.7.jar:/opt/hadoop-3.3.0/share/hadoop/yarn/hadoop-yarn-common-2.7.7.jar:/opt/hadoop-3.3.0/share/hadoop/yarn/hadoop-yarn-server-web-proxy-2.7.7.jar:/opt/hadoop-3.3.0/share/hadoop/yarn/hadoop-yarn-server-nodemanager-2.7.7.jar:/opt/hadoop-3.3.0/share/hadoop/yarn/hadoop-yarn-server-tests-2.7.7.jar:/opt/hadoop-3.3.0/share/hadoop/yarn/hadoop-yarn-api-2.7.7.jar:/opt/hadoop-3.3.0/share/hadoop/yarn/hadoop-yarn-registry-2.7.7.jar:/opt/hadoop-3.3.0/share/hadoop/yarn/hadoop-yarn-server-sharedcachemanager-2.7.7.jar:/opt/hadoop-3.3.0/share/hadoop/yarn/hadoop-yarn-applications-distributedshell-2.7.7.jar:/opt/hadoop-3.3.0/share/hadoop/yarn/hadoop-yarn-applications-unmanaged-am-launcher-2.7.7.jar:/opt/hadoop-3.3.0/share/hadoop/yarn/hadoop-yarn-server-applicationhistoryservice-2.7.7.jar:/opt/hadoop-3.3.0/share/hadoop/yarn/hadoop-yarn-client-2.7.7.jar:/opt/hadoop-3.3.0/share/hadoop/yarn/lib/jaxb-impl-2.2.3-1.jar:/opt/hadoop-3.3.0/share/hadoop/yarn/lib/activation-1.1.jar:/opt/hadoop-3.3.0/share/hadoop/yarn/lib/zookeeper-3.4.6-tests.jar:/opt/hadoop-3.3.0/share/hadoop/yarn/lib/aopalliance-1.0.jar:/opt/hadoop-3.3.0/share/hadoop/yarn/lib/guice-servlet-3.0.jar:/opt/hadoop-3.3.0/share/hadoop/yarn/lib/xz-1.0.jar:/opt/hadoop-3.3.0/share/hadoop/yarn/lib/stax-api-1.0-2.jar:/opt/hadoop-3.3.0/share/hadoop/yarn/lib/jaxb-api-2.2.2.jar:/opt/hadoop-3.3.0/share/hadoop/yarn/lib/jackson-jaxrs-1.9.13.jar:/opt/hadoop-3.3.0/share/hadoop/yarn/lib/commons-logging-1.1.3.jar:/opt/hadoop-3.3.0/share/hadoop/yarn/lib/jersey-json-1.9.jar:/opt/hadoop-3.3.0/share/hadoop/yarn/lib/log4j-1.2.17.jar:/opt/hadoop-3.3.0/share/hadoop/yarn/lib/commons-cli-1.2.jar:/opt/hadoop-3.3.0/share/hadoop/yarn/lib/servlet-api-2.5.jar:/opt/hadoop-3.3.0/share/hadoop/yarn/lib/protobuf-java-2.5.0.jar:/opt/hadoop-3.3.0/share/hadoop/yarn/lib/jackson-xc-1.9.13.jar:/opt/hadoop-3.3.0/share/hadoop/yarn/lib/jetty-util-6.1.26.jar:/opt/hadoop-3.3.0/share/hadoop/yarn/lib/guava-11.0.2.jar:/opt/hadoop-3.3.0/share/hadoop/yarn/lib/commons-compress-1.4.1.jar:/opt/hadoop-3.3.0/share/hadoop/yarn/lib/commons-io-2.4.jar:/opt/hadoop-3.3.0/share/hadoop/yarn/lib/jackson-core-asl-1.9.13.jar:/opt/hadoop-3.3.0/share/hadoop/yarn/lib/jersey-core-1.9.jar:/opt/hadoop-3.3.0/share/hadoop/yarn/lib/commons-codec-1.4.jar:/opt/hadoop-3.3.0/share/hadoop/yarn/lib/netty-3.6.2.Final.jar:/opt/hadoop-3.3.0/share/hadoop/yarn/lib/jetty-6.1.26.jar:/opt/hadoop-3.3.0/share/hadoop/yarn/lib/jersey-server-1.9.jar:/opt/hadoop-3.3.0/share/hadoop/yarn/lib/guice-3.0.jar:/opt/hadoop-3.3.0/share/hadoop/yarn/lib/jersey-client-1.9.jar:/opt/hadoop-3.3.0/share/hadoop/yarn/lib/jersey-guice-1.9.jar:/opt/hadoop-3.3.0/share/hadoop/yarn/lib/zookeeper-3.4.6.jar:/opt/hadoop-3.3.0/share/hadoop/yarn/lib/commons-collections-3.2.2.jar:/opt/hadoop-3.3.0/share/hadoop/yarn/lib/jettison-1.1.jar:/opt/hadoop-3.3.0/share/hadoop/yarn/lib/asm-3.2.jar:/opt/hadoop-3.3.0/share/hadoop/yarn/lib/commons-lang-2.6.jar:/opt/hadoop-3.3.0/share/hadoop/yarn/lib/leveldbjni-all-1.8.jar:/opt/hadoop-3.3.0/share/hadoop/yarn/lib/jackson-mapper-asl-1.9.13.jar:/opt/hadoop-3.3.0/share/hadoop/yarn/lib/javax.inject-1.jar:/opt/hadoop-3.3.0/share/hadoop/yarn/lib/jsr305-3.0.0.jar
2022-09-17 19:02:27,230 INFO  org.apache.flink.runtime.entrypoint.ClusterEntrypoint         - --------------------------------------------------------------------------------
2022-09-17 19:02:27,230 INFO  org.apache.flink.runtime.entrypoint.ClusterEntrypoint         - Registered UNIX signal handlers for [TERM, HUP, INT]
2022-09-17 19:02:27,232 INFO  org.apache.flink.runtime.entrypoint.ClusterEntrypoint         - YARN daemon is running as: root Yarn client user obtainer: root
2022-09-17 19:02:27,234 INFO  org.apache.flink.configuration.GlobalConfiguration            - Loading configuration property: rest.port, 8081
2022-09-17 19:02:27,234 INFO  org.apache.flink.configuration.GlobalConfiguration            - Loading configuration property: internal.cluster.execution-mode, NORMAL
2022-09-17 19:02:27,234 INFO  org.apache.flink.configuration.GlobalConfiguration            - Loading configuration property: parallelism.default, 1
2022-09-17 19:02:27,234 INFO  org.apache.flink.configuration.GlobalConfiguration            - Loading configuration property: high-availability.cluster-id, application_1663538792910_0016
2022-09-17 19:02:27,234 INFO  org.apache.flink.configuration.GlobalConfiguration            - Loading configuration property: jobmanager.rpc.address, localhost
2022-09-17 19:02:27,234 INFO  org.apache.flink.configuration.GlobalConfiguration            - Loading configuration property: taskmanager.numberOfTaskSlots, 1
2022-09-17 19:02:27,234 INFO  org.apache.flink.configuration.GlobalConfiguration            - Loading configuration property: jobmanager.rpc.port, 6123
2022-09-17 19:02:27,235 INFO  org.apache.flink.configuration.GlobalConfiguration            - Loading configuration property: taskmanager.heap.size, 1024m
2022-09-17 19:02:27,235 INFO  org.apache.flink.configuration.GlobalConfiguration            - Loading configuration property: jobmanager.heap.size, 1024m
2022-09-17 19:02:27,245 INFO  org.apache.flink.runtime.clusterframework.BootstrapTools      - Setting directories for temporary files to: /opt/hadoop-3.3.0/hadoop_data/local_tmp/nm-local-dir/usercache/root/appcache/application_1663538792910_0016
2022-09-17 19:02:27,257 INFO  org.apache.flink.runtime.entrypoint.ClusterEntrypoint         - Starting YarnSessionClusterEntrypoint.
2022-09-17 19:02:27,257 INFO  org.apache.flink.runtime.entrypoint.ClusterEntrypoint         - Install default filesystem.
2022-09-17 19:02:27,306 INFO  org.apache.flink.runtime.security.modules.HadoopModule        - Hadoop user set to root (auth:SIMPLE)
2022-09-17 19:02:27,333 INFO  org.apache.flink.runtime.entrypoint.ClusterEntrypoint         - Initializing cluster services.
2022-09-17 19:02:27,339 INFO  org.apache.flink.runtime.entrypoint.ClusterEntrypoint         - Trying to start actor system at node02:55951
2022-09-17 19:02:27,719 INFO  akka.event.slf4j.Slf4jLogger                                  - Slf4jLogger started
2022-09-17 19:02:27,789 INFO  akka.remote.Remoting                                          - Starting remoting
2022-09-17 19:02:27,871 INFO  akka.remote.Remoting                                          - Remoting started; listening on addresses :[akka.tcp://flink@node02:55951]
2022-09-17 19:02:27,877 INFO  org.apache.flink.runtime.entrypoint.ClusterEntrypoint         - Actor system started at akka.tcp://flink@node02:55951
2022-09-17 19:02:27,890 INFO  org.apache.flink.runtime.blob.BlobServer                      - Created BLOB server storage directory /opt/hadoop-3.3.0/hadoop_data/local_tmp/nm-local-dir/usercache/root/appcache/application_1663538792910_0016/blobStore-7cf6eba1-1c5d-4bc7-a034-5a357fa623f6
2022-09-17 19:02:27,894 INFO  org.apache.flink.runtime.blob.BlobServer                      - Started BLOB server at 0.0.0.0:44526 - max concurrent requests: 50 - max backlog: 1000
2022-09-17 19:02:27,910 INFO  org.apache.flink.runtime.metrics.MetricRegistryImpl           - No metrics reporter configured, no metrics will be exposed/reported.
2022-09-17 19:02:27,914 INFO  org.apache.flink.runtime.dispatcher.FileArchivedExecutionGraphStore  - Initializing FileArchivedExecutionGraphStore: Storage directory /opt/hadoop-3.3.0/hadoop_data/local_tmp/nm-local-dir/usercache/root/appcache/application_1663538792910_0016/executionGraphStore-0a189a01-32db-4059-bf05-a838502d40a9, expiration time 3600000, maximum cache size 52428800 bytes.
2022-09-17 19:02:27,935 INFO  org.apache.flink.runtime.blob.TransientBlobCache              - Created BLOB cache storage directory /opt/hadoop-3.3.0/hadoop_data/local_tmp/nm-local-dir/usercache/root/appcache/application_1663538792910_0016/blobStore-6252fa0d-231b-4022-893f-61f7407ab7a4
2022-09-17 19:02:27,944 WARN  org.apache.flink.runtime.dispatcher.DispatcherRestEndpoint    - Upload directory /tmp/flink-web-4e9a2670-4b9f-4cd0-b7c8-9eb44678e041/flink-web-upload does not exist, or has been deleted externally. Previously uploaded files are no longer available.
2022-09-17 19:02:27,945 INFO  org.apache.flink.runtime.dispatcher.DispatcherRestEndpoint    - Created directory /tmp/flink-web-4e9a2670-4b9f-4cd0-b7c8-9eb44678e041/flink-web-upload for file uploads.
2022-09-17 19:02:27,948 INFO  org.apache.flink.runtime.dispatcher.DispatcherRestEndpoint    - Starting rest endpoint.
2022-09-17 19:02:28,133 INFO  org.apache.flink.runtime.webmonitor.WebMonitorUtils           - Determined location of main cluster component log file: /opt/hadoop-3.3.0/logs/userlogs/application_1663538792910_0016/container_1663538792910_0016_01_000001/jobmanager.log
2022-09-17 19:02:28,134 INFO  org.apache.flink.runtime.webmonitor.WebMonitorUtils           - Determined location of main cluster component stdout file: /opt/hadoop-3.3.0/logs/userlogs/application_1663538792910_0016/container_1663538792910_0016_01_000001/jobmanager.out
2022-09-17 19:02:28,266 INFO  org.apache.flink.runtime.dispatcher.DispatcherRestEndpoint    - Rest endpoint listening at node02:50709
2022-09-17 19:02:28,266 INFO  org.apache.flink.runtime.dispatcher.DispatcherRestEndpoint    - http://node02:50709 was granted leadership with leaderSessionID=00000000-0000-0000-0000-000000000000
2022-09-17 19:02:28,266 INFO  org.apache.flink.runtime.dispatcher.DispatcherRestEndpoint    - Web frontend listening at http://node02:50709.
2022-09-17 19:02:28,360 INFO  org.apache.flink.runtime.rpc.akka.AkkaRpcService              - Starting RPC endpoint for org.apache.flink.yarn.YarnResourceManager at akka://flink/user/resourcemanager .
2022-09-17 19:02:28,398 INFO  org.apache.flink.runtime.rpc.akka.AkkaRpcService              - Starting RPC endpoint for org.apache.flink.runtime.dispatcher.StandaloneDispatcher at akka://flink/user/dispatcher .
2022-09-17 19:02:28,433 INFO  org.apache.hadoop.yarn.client.RMProxy                         - Connecting to ResourceManager at node01/192.168.1.201:8030



Heartbeat1 starts
2022-09-17 19:02:28,623 INFO  org.apache.hadoop.yarn.client.api.async.impl.AMRMClientAsyncImpl  - ++test++ -- start++++++++++Heartbeat
2022-09-17 19:02:28,623 INFO  org.apache.flink.yarn.YarnResourceManager                     - Recovered 0 containers from previous attempts ([]).
2022-09-17 19:02:28,626 INFO  org.apache.hadoop.yarn.client.api.impl.ContainerManagementProtocolProxy  - yarn.client.max-nodemanagers-proxies : 500
2022-09-17 19:02:28,630 INFO  org.apache.flink.yarn.YarnResourceManager                     - ResourceManager akka.tcp://flink@node02:55951/user/resourcemanager was granted leadership with fencing token 00000000000000000000000000000000
2022-09-17 19:02:28,631 INFO  org.apache.flink.runtime.resourcemanager.slotmanager.SlotManager  - Starting the SlotManager.
2022-09-17 19:02:28,649 INFO  org.apache.flink.runtime.dispatcher.StandaloneDispatcher      - Dispatcher akka.tcp://flink@node02:55951/user/dispatcher was granted leadership with fencing token 00000000-0000-0000-0000-000000000000
2022-09-17 19:02:28,650 INFO  org.apache.hadoop.yarn.client.api.async.impl.AMRMClientAsyncImpl  - ++test++ -- end++++++++++Heartbeat
Heartbeat1 ends

2022-09-17 19:02:28,652 INFO  org.apache.flink.runtime.dispatcher.StandaloneDispatcher      - Recovering all persisted jobs.
2022-09-17 19:02:30,851 INFO  org.apache.flink.runtime.dispatcher.StandaloneDispatcher      - Submitting job 4dc40d6880fb2446ce53911767a4a341 (Socket Window WordCount).
2022-09-17 19:02:30,873 INFO  org.apache.flink.runtime.rpc.akka.AkkaRpcService              - Starting RPC endpoint for org.apache.flink.runtime.jobmaster.JobMaster at akka://flink/user/jobmanager_0 .
2022-09-17 19:02:30,885 INFO  org.apache.flink.runtime.jobmaster.JobMaster                  - Initializing job Socket Window WordCount (4dc40d6880fb2446ce53911767a4a341).
2022-09-17 19:02:30,899 INFO  org.apache.flink.runtime.jobmaster.JobMaster                  - Using restart strategy NoRestartStrategy for Socket Window WordCount (4dc40d6880fb2446ce53911767a4a341).
2022-09-17 19:02:30,903 INFO  org.apache.flink.runtime.rpc.akka.AkkaRpcService              - Starting RPC endpoint for org.apache.flink.runtime.jobmaster.slotpool.SlotPool at akka://flink/user/ce2e3441-b803-44c9-a0d1-8810ac778188 .
2022-09-17 19:02:30,926 INFO  org.apache.flink.runtime.executiongraph.ExecutionGraph        - Job recovers via failover strategy: full graph restart
2022-09-17 19:02:30,947 INFO  org.apache.flink.runtime.jobmaster.JobMaster                  - Running initialization on master for job Socket Window WordCount (4dc40d6880fb2446ce53911767a4a341).
2022-09-17 19:02:30,947 INFO  org.apache.flink.runtime.jobmaster.JobMaster                  - Successfully ran initialization on master in 0 ms.
2022-09-17 19:02:30,969 INFO  org.apache.flink.runtime.jobmaster.JobMaster                  - No state backend has been configured, using default (Memory / JobManager) MemoryStateBackend (data in heap memory / checkpoints to JobManager) (checkpoints: 'null', savepoints: 'null', asynchronous: TRUE, maxStateSize: 5242880)
2022-09-17 19:02:30,978 INFO  org.apache.flink.runtime.jobmaster.JobManagerRunner           - JobManager runner for job Socket Window WordCount (4dc40d6880fb2446ce53911767a4a341) was granted leadership with session id 00000000-0000-0000-0000-000000000000 at akka.tcp://flink@node02:55951/user/jobmanager_0.
2022-09-17 19:02:30,983 INFO  org.apache.flink.runtime.jobmaster.JobMaster                  - Starting execution of job Socket Window WordCount (4dc40d6880fb2446ce53911767a4a341)
2022-09-17 19:02:30,988 INFO  org.apache.flink.runtime.executiongraph.ExecutionGraph        - Job Socket Window WordCount (4dc40d6880fb2446ce53911767a4a341) switched from state CREATED to RUNNING.
2022-09-17 19:02:30,992 INFO  org.apache.flink.runtime.executiongraph.ExecutionGraph        - Source: Socket Stream (1/1) (5262a7cc971ecb2879a9b89a8c956b55) switched from CREATED to SCHEDULED.
2022-09-17 19:02:31,000 INFO  org.apache.flink.runtime.executiongraph.ExecutionGraph        - Flat Map (1/12) (284e2cd7862c182f9811a7aea9c4c285) switched from CREATED to SCHEDULED.
2022-09-17 19:02:31,001 INFO  org.apache.flink.runtime.executiongraph.ExecutionGraph        - Flat Map (2/12) (44a0366a415dd3fd461e97322a31317b) switched from CREATED to SCHEDULED.
2022-09-17 19:02:31,001 INFO  org.apache.flink.runtime.executiongraph.ExecutionGraph        - Flat Map (3/12) (9aafcd1592c53a6416e4d5266e5e7172) switched from CREATED to SCHEDULED.
2022-09-17 19:02:31,001 INFO  org.apache.flink.runtime.executiongraph.ExecutionGraph        - Flat Map (4/12) (d451abd6126e53ca957ec28fe62bec5a) switched from CREATED to SCHEDULED.
2022-09-17 19:02:31,001 INFO  org.apache.flink.runtime.executiongraph.ExecutionGraph        - Flat Map (5/12) (17cea885282d73a84732aff8450e9f54) switched from CREATED to SCHEDULED.
2022-09-17 19:02:31,001 INFO  org.apache.flink.runtime.executiongraph.ExecutionGraph        - Flat Map (6/12) (320eac63b12e070cd4c7c9ed6db4cd37) switched from CREATED to SCHEDULED.
2022-09-17 19:02:31,001 INFO  org.apache.flink.runtime.executiongraph.ExecutionGraph        - Flat Map (7/12) (20fa3c96621cb316cbdc157eca7d810e) switched from CREATED to SCHEDULED.
2022-09-17 19:02:31,002 INFO  org.apache.flink.runtime.executiongraph.ExecutionGraph        - Flat Map (8/12) (b85492a28006c37ef14d7cc34b6de098) switched from CREATED to SCHEDULED.
2022-09-17 19:02:31,002 INFO  org.apache.flink.runtime.executiongraph.ExecutionGraph        - Flat Map (9/12) (619044f8f348e90d6e07eb52ed8e4ec7) switched from CREATED to SCHEDULED.
2022-09-17 19:02:31,002 INFO  org.apache.flink.runtime.executiongraph.ExecutionGraph        - Flat Map (10/12) (c5607f660927481f37ca7aca82d95e41) switched from CREATED to SCHEDULED.
2022-09-17 19:02:31,002 INFO  org.apache.flink.runtime.executiongraph.ExecutionGraph        - Flat Map (11/12) (8408cb9f71e8d728f7b5af4d6d2693e2) switched from CREATED to SCHEDULED.
2022-09-17 19:02:31,002 INFO  org.apache.flink.runtime.executiongraph.ExecutionGraph        - Flat Map (12/12) (ffad69bd2a900d2b58b4c3fe21baf938) switched from CREATED to SCHEDULED.
2022-09-17 19:02:31,002 INFO  org.apache.flink.runtime.executiongraph.ExecutionGraph        - Window(TumblingProcessingTimeWindows(5000), ProcessingTimeTrigger, ReduceFunction$1, PassThroughWindowFunction) (1/12) (a22638bb0a8ae0441814078696697f06) switched from CREATED to SCHEDULED.
2022-09-17 19:02:31,003 INFO  org.apache.flink.runtime.executiongraph.ExecutionGraph        - Window(TumblingProcessingTimeWindows(5000), ProcessingTimeTrigger, ReduceFunction$1, PassThroughWindowFunction) (2/12) (f6162ef89ef414206ad648942c6d2fc1) switched from CREATED to SCHEDULED.
2022-09-17 19:02:31,003 INFO  org.apache.flink.runtime.executiongraph.ExecutionGraph        - Window(TumblingProcessingTimeWindows(5000), ProcessingTimeTrigger, ReduceFunction$1, PassThroughWindowFunction) (3/12) (614962bbd63fd8804a9b525848673216) switched from CREATED to SCHEDULED.
2022-09-17 19:02:31,005 INFO  org.apache.flink.runtime.executiongraph.ExecutionGraph        - Window(TumblingProcessingTimeWindows(5000), ProcessingTimeTrigger, ReduceFunction$1, PassThroughWindowFunction) (4/12) (4c9ba2aac06db7ba052979078a2a9b62) switched from CREATED to SCHEDULED.
2022-09-17 19:02:31,006 INFO  org.apache.flink.runtime.executiongraph.ExecutionGraph        - Window(TumblingProcessingTimeWindows(5000), ProcessingTimeTrigger, ReduceFunction$1, PassThroughWindowFunction) (5/12) (0be99e545119d538f9ec365a82401238) switched from CREATED to SCHEDULED.
2022-09-17 19:02:31,006 INFO  org.apache.flink.runtime.executiongraph.ExecutionGraph        - Window(TumblingProcessingTimeWindows(5000), ProcessingTimeTrigger, ReduceFunction$1, PassThroughWindowFunction) (6/12) (e6ce9ea4a2077bf6c8f9d610d64b40df) switched from CREATED to SCHEDULED.
2022-09-17 19:02:31,006 INFO  org.apache.flink.runtime.executiongraph.ExecutionGraph        - Window(TumblingProcessingTimeWindows(5000), ProcessingTimeTrigger, ReduceFunction$1, PassThroughWindowFunction) (7/12) (3930ce72adfefd085772326900bc17d2) switched from CREATED to SCHEDULED.
2022-09-17 19:02:31,006 INFO  org.apache.flink.runtime.executiongraph.ExecutionGraph        - Window(TumblingProcessingTimeWindows(5000), ProcessingTimeTrigger, ReduceFunction$1, PassThroughWindowFunction) (8/12) (c0de12f5dd18de12f54880a83b75e03e) switched from CREATED to SCHEDULED.
2022-09-17 19:02:31,007 INFO  org.apache.flink.runtime.executiongraph.ExecutionGraph        - Window(TumblingProcessingTimeWindows(5000), ProcessingTimeTrigger, ReduceFunction$1, PassThroughWindowFunction) (9/12) (d3bb744b04d057cea0ca2d98b0561e87) switched from CREATED to SCHEDULED.
2022-09-17 19:02:31,007 INFO  org.apache.flink.runtime.executiongraph.ExecutionGraph        - Window(TumblingProcessingTimeWindows(5000), ProcessingTimeTrigger, ReduceFunction$1, PassThroughWindowFunction) (10/12) (684915f0af77248adc74ca07bdc544c3) switched from CREATED to SCHEDULED.
2022-09-17 19:02:31,007 INFO  org.apache.flink.runtime.executiongraph.ExecutionGraph        - Window(TumblingProcessingTimeWindows(5000), ProcessingTimeTrigger, ReduceFunction$1, PassThroughWindowFunction) (11/12) (907cbf4b97e49ea7cbed0745f8bb353d) switched from CREATED to SCHEDULED.
2022-09-17 19:02:31,007 INFO  org.apache.flink.runtime.executiongraph.ExecutionGraph        - Window(TumblingProcessingTimeWindows(5000), ProcessingTimeTrigger, ReduceFunction$1, PassThroughWindowFunction) (12/12) (4534f426477a2f1b5528c3a798e194f4) switched from CREATED to SCHEDULED.
2022-09-17 19:02:31,008 INFO  org.apache.flink.runtime.executiongraph.ExecutionGraph        - Sink: Print to Std. Out (1/1) (e0285dd69321c83c3196d60069d1310c) switched from CREATED to SCHEDULED.
2022-09-17 19:02:31,027 INFO  org.apache.flink.runtime.jobmaster.JobMaster                  - Connecting to ResourceManager akka.tcp://flink@node02:55951/user/resourcemanager(00000000000000000000000000000000)
2022-09-17 19:02:31,033 INFO  org.apache.flink.runtime.jobmaster.JobMaster                  - Resolved ResourceManager address, beginning registration
2022-09-17 19:02:31,034 INFO  org.apache.flink.runtime.jobmaster.JobMaster                  - Registration at ResourceManager attempt 1 (timeout=100ms)
2022-09-17 19:02:31,036 INFO  org.apache.flink.yarn.YarnResourceManager                     - Registering job manager 00000000000000000000000000000000@akka.tcp://flink@node02:55951/user/jobmanager_0 for job 4dc40d6880fb2446ce53911767a4a341.
2022-09-17 19:02:31,042 INFO  org.apache.flink.yarn.YarnResourceManager                     - Registered job manager 00000000000000000000000000000000@akka.tcp://flink@node02:55951/user/jobmanager_0 for job 4dc40d6880fb2446ce53911767a4a341.
2022-09-17 19:02:31,046 INFO  org.apache.flink.runtime.jobmaster.slotpool.SlotPool          - Cannot serve slot request, no ResourceManager connected. Adding as pending request [SlotRequestId{4f9682074b6b6c5d8a672e540c916b2c}]
2022-09-17 19:02:31,054 INFO  org.apache.flink.runtime.jobmaster.JobMaster                  - JobManager successfully registered at ResourceManager, leader id: 00000000000000000000000000000000.
#now jobmanager is well prepared



2022-09-17 19:02:31,058 INFO  org.apache.flink.runtime.jobmaster.slotpool.SlotPool          - Cannot serve slot request, no ResourceManager connected. Adding as pending request [SlotRequestId{74020c717c3c044d419edcfe277e696c}]
2022-09-17 19:02:31,062 INFO  org.apache.flink.runtime.jobmaster.slotpool.SlotPool          - Cannot serve slot request, no ResourceManager connected. Adding as pending request [SlotRequestId{13145c42009d56089632b24df85db429}]
2022-09-17 19:02:31,063 INFO  org.apache.flink.runtime.jobmaster.slotpool.SlotPool          - Cannot serve slot request, no ResourceManager connected. Adding as pending request [SlotRequestId{af09fc6dc1c33e3b6771746af6174845}]
2022-09-17 19:02:31,064 INFO  org.apache.flink.runtime.jobmaster.slotpool.SlotPool          - Cannot serve slot request, no ResourceManager connected. Adding as pending request [SlotRequestId{4e35bb2ac1ffddd8836bbff488c0191b}]
2022-09-17 19:02:31,064 INFO  org.apache.flink.runtime.jobmaster.slotpool.SlotPool          - Cannot serve slot request, no ResourceManager connected. Adding as pending request [SlotRequestId{5cbf2d0f25aba66581b7789193a9eebb}]
2022-09-17 19:02:31,065 INFO  org.apache.flink.runtime.jobmaster.slotpool.SlotPool          - Cannot serve slot request, no ResourceManager connected. Adding as pending request [SlotRequestId{56e79597f15f587a7ac8256a2f1dc866}]
2022-09-17 19:02:31,065 INFO  org.apache.flink.runtime.jobmaster.slotpool.SlotPool          - Cannot serve slot request, no ResourceManager connected. Adding as pending request [SlotRequestId{a2d35fa5dcff52476a465dac19100f13}]
2022-09-17 19:02:31,066 INFO  org.apache.flink.runtime.jobmaster.slotpool.SlotPool          - Cannot serve slot request, no ResourceManager connected. Adding as pending request [SlotRequestId{afda25fc66722e0b57384507f43897ed}]
2022-09-17 19:02:31,066 INFO  org.apache.flink.runtime.jobmaster.slotpool.SlotPool          - Cannot serve slot request, no ResourceManager connected. Adding as pending request [SlotRequestId{6f9f4bc2101cb09e250d1834303876d3}]
2022-09-17 19:02:31,066 INFO  org.apache.flink.runtime.jobmaster.slotpool.SlotPool          - Cannot serve slot request, no ResourceManager connected. Adding as pending request [SlotRequestId{c3752506607d07e880ddc96860b7a0d7}]
2022-09-17 19:02:31,066 INFO  org.apache.flink.runtime.jobmaster.slotpool.SlotPool          - Cannot serve slot request, no ResourceManager connected. Adding as pending request [SlotRequestId{86ccaf35c97f5967b674ace0dca45ec0}]
2022-09-17 19:02:31,067 INFO  org.apache.flink.runtime.jobmaster.slotpool.SlotPool          - Requesting new slot [SlotRequestId{74020c717c3c044d419edcfe277e696c}] and profile ResourceProfile{cpuCores=-1.0, heapMemoryInMB=-1, directMemoryInMB=0, nativeMemoryInMB=0, networkMemoryInMB=0} from resource manager.
2022-09-17 19:02:31,069 INFO  org.apache.flink.yarn.YarnResourceManager                     - Request slot with profile ResourceProfile{cpuCores=-1.0, heapMemoryInMB=-1, directMemoryInMB=0, nativeMemoryInMB=0, networkMemoryInMB=0} for job 4dc40d6880fb2446ce53911767a4a341 with allocation id AllocationID{4ca45e12685cdde09304c0ac9dd8bade}.
2022-09-17 19:02:31,069 INFO  org.apache.flink.runtime.jobmaster.slotpool.SlotPool          - Requesting new slot [SlotRequestId{86ccaf35c97f5967b674ace0dca45ec0}] and profile ResourceProfile{cpuCores=-1.0, heapMemoryInMB=-1, directMemoryInMB=0, nativeMemoryInMB=0, networkMemoryInMB=0} from resource manager.
2022-09-17 19:02:31,069 INFO  org.apache.flink.runtime.jobmaster.slotpool.SlotPool          - Requesting new slot [SlotRequestId{c3752506607d07e880ddc96860b7a0d7}] and profile ResourceProfile{cpuCores=-1.0, heapMemoryInMB=-1, directMemoryInMB=0, nativeMemoryInMB=0, networkMemoryInMB=0} from resource manager.
2022-09-17 19:02:31,070 INFO  org.apache.flink.runtime.jobmaster.slotpool.SlotPool          - Requesting new slot [SlotRequestId{af09fc6dc1c33e3b6771746af6174845}] and profile ResourceProfile{cpuCores=-1.0, heapMemoryInMB=-1, directMemoryInMB=0, nativeMemoryInMB=0, networkMemoryInMB=0} from resource manager.
2022-09-17 19:02:31,070 INFO  org.apache.flink.runtime.jobmaster.slotpool.SlotPool          - Requesting new slot [SlotRequestId{afda25fc66722e0b57384507f43897ed}] and profile ResourceProfile{cpuCores=-1.0, heapMemoryInMB=-1, directMemoryInMB=0, nativeMemoryInMB=0, networkMemoryInMB=0} from resource manager.
2022-09-17 19:02:31,070 INFO  org.apache.flink.runtime.jobmaster.slotpool.SlotPool          - Requesting new slot [SlotRequestId{a2d35fa5dcff52476a465dac19100f13}] and profile ResourceProfile{cpuCores=-1.0, heapMemoryInMB=-1, directMemoryInMB=0, nativeMemoryInMB=0, networkMemoryInMB=0} from resource manager.
2022-09-17 19:02:31,070 INFO  org.apache.flink.runtime.jobmaster.slotpool.SlotPool          - Requesting new slot [SlotRequestId{13145c42009d56089632b24df85db429}] and profile ResourceProfile{cpuCores=-1.0, heapMemoryInMB=-1, directMemoryInMB=0, nativeMemoryInMB=0, networkMemoryInMB=0} from resource manager.
2022-09-17 19:02:31,072 INFO  org.apache.flink.runtime.jobmaster.slotpool.SlotPool          - Requesting new slot [SlotRequestId{4f9682074b6b6c5d8a672e540c916b2c}] and profile ResourceProfile{cpuCores=-1.0, heapMemoryInMB=-1, directMemoryInMB=0, nativeMemoryInMB=0, networkMemoryInMB=0} from resource manager.
2022-09-17 19:02:31,072 INFO  org.apache.flink.runtime.jobmaster.slotpool.SlotPool          - Requesting new slot [SlotRequestId{5cbf2d0f25aba66581b7789193a9eebb}] and profile ResourceProfile{cpuCores=-1.0, heapMemoryInMB=-1, directMemoryInMB=0, nativeMemoryInMB=0, networkMemoryInMB=0} from resource manager.
2022-09-17 19:02:31,072 INFO  org.apache.flink.runtime.jobmaster.slotpool.SlotPool          - Requesting new slot [SlotRequestId{4e35bb2ac1ffddd8836bbff488c0191b}] and profile ResourceProfile{cpuCores=-1.0, heapMemoryInMB=-1, directMemoryInMB=0, nativeMemoryInMB=0, networkMemoryInMB=0} from resource manager.
2022-09-17 19:02:31,072 INFO  org.apache.flink.runtime.jobmaster.slotpool.SlotPool          - Requesting new slot [SlotRequestId{56e79597f15f587a7ac8256a2f1dc866}] and profile ResourceProfile{cpuCores=-1.0, heapMemoryInMB=-1, directMemoryInMB=0, nativeMemoryInMB=0, networkMemoryInMB=0} from resource manager.
2022-09-17 19:02:31,073 INFO  org.apache.flink.runtime.jobmaster.slotpool.SlotPool          - Requesting new slot [SlotRequestId{6f9f4bc2101cb09e250d1834303876d3}] and profile ResourceProfile{cpuCores=-1.0, heapMemoryInMB=-1, directMemoryInMB=0, nativeMemoryInMB=0, networkMemoryInMB=0} from resource manager.
2022-09-17 19:02:31,074 INFO  org.apache.flink.yarn.YarnResourceManager                     1- Requesting new TaskExecutor container with resources <memory:1024, vCores:1>. Number pending requests 1.
2022-09-17 19:02:31,074 INFO  org.apache.flink.yarn.YarnResourceManager                     - Request slot with profile ResourceProfile{cpuCores=-1.0, heapMemoryInMB=-1, directMemoryInMB=0, nativeMemoryInMB=0, networkMemoryInMB=0} for job 4dc40d6880fb2446ce53911767a4a341 with allocation id AllocationID{c825c9e96bc4dcfc4f586fe0530631ff}.
2022-09-17 19:02:31,075 INFO  org.apache.flink.yarn.YarnResourceManager                     2- Requesting new TaskExecutor container with resources <memory:1024, vCores:1>. Number pending requests 2.
2022-09-17 19:02:31,075 INFO  org.apache.flink.yarn.YarnResourceManager                     - Request slot with profile ResourceProfile{cpuCores=-1.0, heapMemoryInMB=-1, directMemoryInMB=0, nativeMemoryInMB=0, networkMemoryInMB=0} for job 4dc40d6880fb2446ce53911767a4a341 with allocation id AllocationID{25252910f7199439a359740e6378f3a4}.
2022-09-17 19:02:31,075 INFO  org.apache.flink.yarn.YarnResourceManager                     3- Requesting new TaskExecutor container with resources <memory:1024, vCores:1>. Number pending requests 3.
2022-09-17 19:02:31,075 INFO  org.apache.flink.yarn.YarnResourceManager                     - Request slot with profile ResourceProfile{cpuCores=-1.0, heapMemoryInMB=-1, directMemoryInMB=0, nativeMemoryInMB=0, networkMemoryInMB=0} for job 4dc40d6880fb2446ce53911767a4a341 with allocation id AllocationID{1bdd50583e0036db41568e5a824327b2}.
2022-09-17 19:02:31,075 INFO  org.apache.flink.yarn.YarnResourceManager                     4- Requesting new TaskExecutor container with resources <memory:1024, vCores:1>. Number pending requests 4.
2022-09-17 19:02:31,075 INFO  org.apache.flink.yarn.YarnResourceManager                     - Request slot with profile ResourceProfile{cpuCores=-1.0, heapMemoryInMB=-1, directMemoryInMB=0, nativeMemoryInMB=0, networkMemoryInMB=0} for job 4dc40d6880fb2446ce53911767a4a341 with allocation id AllocationID{410052a734159885814c28d150c38a72}.
2022-09-17 19:02:31,075 INFO  org.apache.flink.yarn.YarnResourceManager                     5- Requesting new TaskExecutor container with resources <memory:1024, vCores:1>. Number pending requests 5.
2022-09-17 19:02:31,076 INFO  org.apache.flink.yarn.YarnResourceManager                     - Request slot with profile ResourceProfile{cpuCores=-1.0, heapMemoryInMB=-1, directMemoryInMB=0, nativeMemoryInMB=0, networkMemoryInMB=0} for job 4dc40d6880fb2446ce53911767a4a341 with allocation id AllocationID{8a2b9ca9f6634a13eb1814a8124e8783}.
2022-09-17 19:02:31,076 INFO  org.apache.flink.yarn.YarnResourceManager                     6- Requesting new TaskExecutor container with resources <memory:1024, vCores:1>. Number pending requests 6.
2022-09-17 19:02:31,076 INFO  org.apache.flink.yarn.YarnResourceManager                     - Request slot with profile ResourceProfile{cpuCores=-1.0, heapMemoryInMB=-1, directMemoryInMB=0, nativeMemoryInMB=0, networkMemoryInMB=0} for job 4dc40d6880fb2446ce53911767a4a341 with allocation id AllocationID{2c0fa6b4c2492fa7e73468c769599011}.
2022-09-17 19:02:31,076 INFO  org.apache.flink.yarn.YarnResourceManager                     7- Requesting new TaskExecutor container with resources <memory:1024, vCores:1>. Number pending requests 7.
2022-09-17 19:02:31,076 INFO  org.apache.flink.yarn.YarnResourceManager                     - Request slot with profile ResourceProfile{cpuCores=-1.0, heapMemoryInMB=-1, directMemoryInMB=0, nativeMemoryInMB=0, networkMemoryInMB=0} for job 4dc40d6880fb2446ce53911767a4a341 with allocation id AllocationID{a54660e52121e4016e634489f9492047}.
2022-09-17 19:02:31,076 INFO  org.apache.flink.yarn.YarnResourceManager                     8- Requesting new TaskExecutor container with resources <memory:1024, vCores:1>. Number pending requests 8.
2022-09-17 19:02:31,076 INFO  org.apache.flink.yarn.YarnResourceManager                     - Request slot with profile ResourceProfile{cpuCores=-1.0, heapMemoryInMB=-1, directMemoryInMB=0, nativeMemoryInMB=0, networkMemoryInMB=0} for job 4dc40d6880fb2446ce53911767a4a341 with allocation id AllocationID{5ae1bd85ed797d14070d7ac675152802}.
2022-09-17 19:02:31,076 INFO  org.apache.flink.yarn.YarnResourceManager                     9- Requesting new TaskExecutor container with resources <memory:1024, vCores:1>. Number pending requests 9.
2022-09-17 19:02:31,076 INFO  org.apache.flink.yarn.YarnResourceManager                     - Request slot with profile ResourceProfile{cpuCores=-1.0, heapMemoryInMB=-1, directMemoryInMB=0, nativeMemoryInMB=0, networkMemoryInMB=0} for job 4dc40d6880fb2446ce53911767a4a341 with allocation id AllocationID{286dfdb3941385d5fab2690945fecac6}.
2022-09-17 19:02:31,076 INFO  org.apache.flink.yarn.YarnResourceManager                     10- Requesting new TaskExecutor container with resources <memory:1024, vCores:1>. Number pending requests 10.
2022-09-17 19:02:31,077 INFO  org.apache.flink.yarn.YarnResourceManager                     - Request slot with profile ResourceProfile{cpuCores=-1.0, heapMemoryInMB=-1, directMemoryInMB=0, nativeMemoryInMB=0, networkMemoryInMB=0} for job 4dc40d6880fb2446ce53911767a4a341 with allocation id AllocationID{32b9a44419764155fee77f2579cdaaf5}.
2022-09-17 19:02:31,077 INFO  org.apache.flink.yarn.YarnResourceManager                     11- Requesting new TaskExecutor container with resources <memory:1024, vCores:1>. Number pending requests 11.
2022-09-17 19:02:31,077 INFO  org.apache.flink.yarn.YarnResourceManager                     - Request slot with profile ResourceProfile{cpuCores=-1.0, heapMemoryInMB=-1, directMemoryInMB=0, nativeMemoryInMB=0, networkMemoryInMB=0} for job 4dc40d6880fb2446ce53911767a4a341 with allocation id AllocationID{d56f32e3f97e8b12e84a3aef6cba343d}.
2022-09-17 19:02:31,077 INFO  org.apache.flink.yarn.YarnResourceManager                     12- Requesting new TaskExecutor container with resources <memory:1024, vCores:1>. Number pending requests 12.
#12 container-requests is now added to request queue, as can be seen on line 172


2022-09-17 19:02:33,651 INFO  org.apache.hadoop.yarn.client.api.async.impl.AMRMClientAsyncImpl  - ++test++ -- start++++++++++Heartbeat
2022-09-17 19:02:33,651 INFO  org.apache.hadoop.yarn.client.api.impl.AMRMClientImpl         - ++test++ -- ResourceName:* NumContainers:12 
2022-09-17 19:02:33,655 INFO  org.apache.hadoop.yarn.client.api.async.impl.AMRMClientAsyncImpl  - ++test++ -- end++++++++++Heartbeat
#no log info:Received new container. so no information about the prepared container in the response


2022-09-17 19:02:34,155 INFO  org.apache.hadoop.yarn.client.api.async.impl.AMRMClientAsyncImpl  - ++test++ -- start++++++++++Heartbeat
2022-09-17 19:02:34,164 INFO  org.apache.hadoop.yarn.client.api.impl.AMRMClientImpl         - Received new token for : node03:53962
2022-09-17 19:02:34,165 INFO  org.apache.hadoop.yarn.client.api.async.impl.AMRMClientAsyncImpl  - ++test++ -- end++++++++++Heartbeat
2022-09-17 19:02:34,167 INFO  org.apache.hadoop.yarn.client.api.async.impl.AMRMClientAsyncImpl  - ++test++ -- get Allocated Containers ID:container_1663538792910_0016_01_000002
#response with one prepared container
2022-09-17 19:02:34,169 INFO  org.apache.flink.yarn.YarnResourceManager                     - Received new container: container_1663538792910_0016_01_000002 - Remaining pending container requests: 12
2022-09-17 19:02:34,169 INFO  org.apache.flink.yarn.YarnResourceManager                     - Removing container request Capability[<memory:1024, vCores:1>]Priority[1]. Pending container requests 11.
2022-09-17 19:02:34,580 INFO  org.apache.flink.yarn.YarnResourceManager                     - Creating container launch context for TaskManagers
2022-09-17 19:02:34,580 INFO  org.apache.flink.yarn.YarnResourceManager                     - Starting TaskManagers
2022-09-17 19:02:34,587 INFO  org.apache.hadoop.yarn.client.api.impl.ContainerManagementProtocolProxy  - Opening proxy : node03:53962



2022-09-17 19:02:34,668 INFO  org.apache.hadoop.yarn.client.api.async.impl.AMRMClientAsyncImpl  - ++test++ -- start++++++++++Heartbeat
2022-09-17 19:02:34,668 INFO  org.apache.hadoop.yarn.client.api.impl.AMRMClientImpl         - ++test++ -- ResourceName:* NumContainers:11
2022-09-17 19:02:34,672 INFO  org.apache.hadoop.yarn.client.api.impl.AMRMClientImpl         - Received new token for : node02:58039
2022-09-17 19:02:34,672 INFO  org.apache.hadoop.yarn.client.api.async.impl.AMRMClientAsyncImpl  - ++test++ -- end++++++++++Heartbeat
2022-09-17 19:02:34,672 INFO  org.apache.hadoop.yarn.client.api.async.impl.AMRMClientAsyncImpl  - ++test++ -- get Allocated Containers ID:container_1663538792910_0016_01_000003
#response with one prepared container
2022-09-17 19:02:34,713 INFO  org.apache.flink.yarn.YarnResourceManager                     - Received new container: container_1663538792910_0016_01_000003 - Remaining pending container requests: 11
2022-09-17 19:02:34,713 INFO  org.apache.flink.yarn.YarnResourceManager                     - Removing container request Capability[<memory:1024, vCores:1>]Priority[1]. Pending container requests 10.
2022-09-17 19:02:34,749 INFO  org.apache.flink.yarn.YarnResourceManager                     - Creating container launch context for TaskManagers
2022-09-17 19:02:34,749 INFO  org.apache.flink.yarn.YarnResourceManager                     - Starting TaskManagers
2022-09-17 19:02:34,750 INFO  org.apache.hadoop.yarn.client.api.impl.ContainerManagementProtocolProxy  - Opening proxy : node02:58039



2022-09-17 19:02:35,173 INFO  org.apache.hadoop.yarn.client.api.async.impl.AMRMClientAsyncImpl  - ++test++ -- start++++++++++Heartbeat
2022-09-17 19:02:35,173 INFO  org.apache.hadoop.yarn.client.api.impl.AMRMClientImpl         - ++test++ -- ResourceName:* NumContainers:10
2022-09-17 19:02:35,177 INFO  org.apache.hadoop.yarn.client.api.async.impl.AMRMClientAsyncImpl  - ++test++ -- end++++++++++Heartbeat
2022-09-17 19:02:35,177 INFO  org.apache.hadoop.yarn.client.api.async.impl.AMRMClientAsyncImpl  - ++test++ -- get Allocated Containers ID:container_1663538792910_0016_01_000004
#response with one prepared container
2022-09-17 19:02:35,178 INFO  org.apache.flink.yarn.YarnResourceManager                     - Received new container: container_1663538792910_0016_01_000004 - Remaining pending container requests: 10
2022-09-17 19:02:35,178 INFO  org.apache.flink.yarn.YarnResourceManager                     - Removing container request Capability[<memory:1024, vCores:1>]Priority[1]. Pending container requests 9.
2022-09-17 19:02:35,624 INFO  org.apache.flink.yarn.YarnResourceManager                     - Creating container launch context for TaskManagers
2022-09-17 19:02:35,625 INFO  org.apache.flink.yarn.YarnResourceManager                     - Starting TaskManagers



2022-09-17 19:02:35,678 INFO  org.apache.hadoop.yarn.client.api.async.impl.AMRMClientAsyncImpl  - ++test++ -- start++++++++++Heartbeat
2022-09-17 19:02:35,678 INFO  org.apache.hadoop.yarn.client.api.impl.AMRMClientImpl         - ++test++ -- ResourceName:* NumContainers:9
2022-09-17 19:02:35,681 INFO  org.apache.hadoop.yarn.client.api.async.impl.AMRMClientAsyncImpl  - ++test++ -- end++++++++++Heartbeat
2022-09-17 19:02:35,681 INFO  org.apache.hadoop.yarn.client.api.async.impl.AMRMClientAsyncImpl  - ++test++ -- get Allocated Containers ID:container_1663538792910_0016_01_000005
#response with one prepared container
2022-09-17 19:02:35,682 INFO  org.apache.flink.yarn.YarnResourceManager                     - Received new container: container_1663538792910_0016_01_000005 - Remaining pending container requests: 9
2022-09-17 19:02:35,682 INFO  org.apache.flink.yarn.YarnResourceManager                     - Removing container request Capability[<memory:1024, vCores:1>]Priority[1]. Pending container requests 8.
2022-09-17 19:02:35,944 INFO  org.apache.flink.yarn.YarnResourceManager                     - Creating container launch context for TaskManagers
2022-09-17 19:02:35,944 INFO  org.apache.flink.yarn.YarnResourceManager                     - Starting TaskManagers



2022-09-17 19:02:36,182 INFO  org.apache.hadoop.yarn.client.api.async.impl.AMRMClientAsyncImpl  - ++test++ -- start++++++++++Heartbeat
2022-09-17 19:02:36,182 INFO  org.apache.hadoop.yarn.client.api.impl.AMRMClientImpl         - ++test++ -- ResourceName:* NumContainers:8
2022-09-17 19:02:36,186 INFO  org.apache.hadoop.yarn.client.api.async.impl.AMRMClientAsyncImpl  - ++test++ -- end++++++++++Heartbeat
2022-09-17 19:02:36,187 INFO  org.apache.hadoop.yarn.client.api.async.impl.AMRMClientAsyncImpl  - ++test++ -- get Allocated Containers ID:container_1663538792910_0016_01_000006
#response with one prepared container
2022-09-17 19:02:36,187 INFO  org.apache.flink.yarn.YarnResourceManager                     - Received new container: container_1663538792910_0016_01_000006 - Remaining pending container requests: 8
2022-09-17 19:02:36,187 INFO  org.apache.flink.yarn.YarnResourceManager                     - Removing container request Capability[<memory:1024, vCores:1>]Priority[1]. Pending container requests 7.
2022-09-17 19:02:36,658 INFO  org.apache.flink.yarn.YarnResourceManager                     - Creating container launch context for TaskManagers
2022-09-17 19:02:36,658 INFO  org.apache.flink.yarn.YarnResourceManager                     - Starting TaskManagers



2022-09-17 19:02:36,687 INFO  org.apache.hadoop.yarn.client.api.async.impl.AMRMClientAsyncImpl  - ++test++ -- start++++++++++Heartbeat
2022-09-17 19:02:36,688 INFO  org.apache.hadoop.yarn.client.api.impl.AMRMClientImpl         - ++test++ -- ResourceName:* NumContainers:7
2022-09-17 19:02:36,693 INFO  org.apache.hadoop.yarn.client.api.async.impl.AMRMClientAsyncImpl  - ++test++ -- end++++++++++Heartbeat
2022-09-17 19:02:36,693 INFO  org.apache.hadoop.yarn.client.api.async.impl.AMRMClientAsyncImpl  - ++test++ -- get Allocated Containers ID:container_1663538792910_0016_01_000007
2022-09-17 19:02:36,704 INFO  org.apache.flink.yarn.YarnResourceManager                     - Received new container: container_1663538792910_0016_01_000007 - Remaining pending container requests: 7
#response with one prepared container
2022-09-17 19:02:36,705 INFO  org.apache.flink.yarn.YarnResourceManager                     - Removing container request Capability[<memory:1024, vCores:1>]Priority[1]. Pending container requests 6.
2022-09-17 19:02:36,779 INFO  org.apache.flink.yarn.YarnResourceManager                     - Creating container launch context for TaskManagers
2022-09-17 19:02:36,779 INFO  org.apache.flink.yarn.YarnResourceManager                     - Starting TaskManagers



2022-09-17 19:02:37,194 INFO  org.apache.hadoop.yarn.client.api.async.impl.AMRMClientAsyncImpl  - ++test++ -- start++++++++++Heartbeat
2022-09-17 19:02:37,194 INFO  org.apache.hadoop.yarn.client.api.impl.AMRMClientImpl         - ++test++ -- ResourceName:* NumContainers:6
2022-09-17 19:02:37,206 INFO  org.apache.hadoop.yarn.client.api.async.impl.AMRMClientAsyncImpl  - ++test++ -- end++++++++++Heartbeat
2022-09-17 19:02:37,206 INFO  org.apache.hadoop.yarn.client.api.async.impl.AMRMClientAsyncImpl  - ++test++ -- get Allocated Containers ID:container_1663538792910_0016_01_000008
2022-09-17 19:02:37,206 INFO  org.apache.flink.yarn.YarnResourceManager                     - Received new container: container_1663538792910_0016_01_000008 - Remaining pending container requests: 6
#response with one prepared container
#but now the taskmanager is not started on time, it is created and started after the next heartbeat;line 266

2022-09-17 19:02:37,206 INFO  org.apache.flink.yarn.YarnResourceManager                     - Removing container request Capability[<memory:1024, vCores:1>]Priority[1]. Pending container requests 5.
2022-09-17 19:02:37,707 INFO  org.apache.hadoop.yarn.client.api.async.impl.AMRMClientAsyncImpl  - ++test++ -- start++++++++++Heartbeat
2022-09-17 19:02:37,707 INFO  org.apache.hadoop.yarn.client.api.impl.AMRMClientImpl         - ++test++ -- ResourceName:* NumContainers:5
2022-09-17 19:02:37,712 INFO  org.apache.hadoop.yarn.client.api.async.impl.AMRMClientAsyncImpl  - ++test++ -- end++++++++++Heartbeat
2022-09-17 19:02:37,712 INFO  org.apache.hadoop.yarn.client.api.async.impl.AMRMClientAsyncImpl  - ++test++ -- get Allocated Containers ID:container_1663538792910_0016_01_000009
#response with one prepared container
2022-09-17 19:02:37,859 INFO  org.apache.flink.yarn.YarnResourceManager                     - Creating container launch context for TaskManagers
2022-09-17 19:02:37,859 INFO  org.apache.flink.yarn.YarnResourceManager                     - Starting TaskManagers
2022-09-17 19:02:37,878 INFO  org.apache.flink.yarn.YarnResourceManager                     - Received new container: container_1663538792910_0016_01_000009 - Remaining pending container requests: 5
2022-09-17 19:02:37,878 INFO  org.apache.flink.yarn.YarnResourceManager                     - Removing container request Capability[<memory:1024, vCores:1>]Priority[1]. Pending container requests 4.
2022-09-17 19:02:38,045 INFO  org.apache.flink.yarn.YarnResourceManager                     - Creating container launch context for TaskManagers
2022-09-17 19:02:38,045 INFO  org.apache.flink.yarn.YarnResourceManager                     - Starting TaskManagers
2022-09-17 19:02:38,070 INFO  org.apache.flink.yarn.YarnResourceManager                     - Registering TaskManager with ResourceID container_1663538792910_0016_01_000003 (akka.tcp://flink@node02:45214/user/taskmanager_0) at ResourceManager
2022-09-17 19:02:38,071 INFO  org.apache.flink.yarn.YarnResourceManager                     - Registering TaskManager with ResourceID container_1663538792910_0016_01_000003 (akka.tcp://flink@node02:45214/user/taskmanager_0) at ResourceManager
2022-09-17 19:02:38,072 INFO  org.apache.flink.yarn.YarnResourceManager                     - Registering TaskManager with ResourceID container_1663538792910_0016_01_000003 (akka.tcp://flink@node02:45214/user/taskmanager_0) at ResourceManager
2022-09-17 19:02:38,102 INFO  org.apache.flink.yarn.YarnResourceManager                     - Registering TaskManager with ResourceID container_1663538792910_0016_01_000003 (akka.tcp://flink@node02:45214/user/taskmanager_0) at ResourceManager
#Task Managers is getting registered in the Job Manager


2022-09-17 19:02:38,212 INFO  org.apache.hadoop.yarn.client.api.async.impl.AMRMClientAsyncImpl  - ++test++ -- start++++++++++Heartbeat
2022-09-17 19:02:38,213 INFO  org.apache.hadoop.yarn.client.api.impl.AMRMClientImpl         - ++test++ -- ResourceName:* NumContainers:4
2022-09-17 19:02:38,249 INFO  org.apache.hadoop.yarn.client.api.async.impl.AMRMClientAsyncImpl  - ++test++ -- end++++++++++Heartbeat
2022-09-17 19:02:38,249 INFO  org.apache.hadoop.yarn.client.api.async.impl.AMRMClientAsyncImpl  - ++test++ -- get Allocated Containers ID:container_1663538792910_0016_01_000010
2022-09-17 19:02:38,255 INFO  org.apache.flink.yarn.YarnResourceManager                     - Received new container: container_1663538792910_0016_01_000010 - Remaining pending container requests: 4
#response with one prepared container
#but now the taskmanager is not started on time, it is created and started after the next heartbeat; line 292
2022-09-17 19:02:38,255 INFO  org.apache.flink.yarn.YarnResourceManager                     - Removing container request Capability[<memory:1024, vCores:1>]Priority[1]. Pending container requests 3.



2022-09-17 19:02:38,753 INFO  org.apache.hadoop.yarn.client.api.async.impl.AMRMClientAsyncImpl  - ++test++ -- start++++++++++Heartbeat
2022-09-17 19:02:38,754 INFO  org.apache.hadoop.yarn.client.api.impl.AMRMClientImpl         - ++test++ -- ResourceName:* NumContainers:3
2022-09-17 19:02:38,762 INFO  org.apache.hadoop.yarn.client.api.async.impl.AMRMClientAsyncImpl  - ++test++ -- end++++++++++Heartbeat
2022-09-17 19:02:38,762 INFO  org.apache.hadoop.yarn.client.api.async.impl.AMRMClientAsyncImpl  - ++test++ -- get Allocated Containers ID:container_1663538792910_0016_01_000011
#response with one prepared container
2022-09-17 19:02:38,838 INFO  org.apache.flink.yarn.YarnResourceManager                     - Creating container launch context for TaskManagers
2022-09-17 19:02:38,838 INFO  org.apache.flink.yarn.YarnResourceManager                     - Starting TaskManagers
2022-09-17 19:02:38,869 INFO  org.apache.flink.yarn.YarnResourceManager                     - Received new container: container_1663538792910_0016_01_000011 - Remaining pending container requests: 3
2022-09-17 19:02:38,870 INFO  org.apache.flink.yarn.YarnResourceManager                     - Removing container request Capability[<memory:1024, vCores:1>]Priority[1]. Pending container requests 2.
2022-09-17 19:02:38,995 INFO  org.apache.flink.yarn.YarnResourceManager                     - Creating container launch context for TaskManagers
2022-09-17 19:02:38,996 INFO  org.apache.flink.yarn.YarnResourceManager                     - Starting TaskManagers



2022-09-17 19:02:39,266 INFO  org.apache.hadoop.yarn.client.api.async.impl.AMRMClientAsyncImpl  - ++test++ -- start++++++++++Heartbeat
2022-09-17 19:02:39,266 INFO  org.apache.hadoop.yarn.client.api.impl.AMRMClientImpl         - ++test++ -- ResourceName:* NumContainers:2
2022-09-17 19:02:39,283 INFO  org.apache.hadoop.yarn.client.api.async.impl.AMRMClientAsyncImpl  - ++test++ -- end++++++++++Heartbeat
2022-09-17 19:02:39,284 INFO  org.apache.hadoop.yarn.client.api.async.impl.AMRMClientAsyncImpl  - ++test++ -- get Allocated Containers ID:container_1663538792910_0016_01_000012
#response with one prepared container
2022-09-17 19:02:39,311 INFO  org.apache.flink.yarn.YarnResourceManager                     - Received new container: container_1663538792910_0016_01_000012 - Remaining pending container requests: 2
2022-09-17 19:02:39,312 INFO  org.apache.flink.yarn.YarnResourceManager                     - Removing container request Capability[<memory:1024, vCores:1>]Priority[1]. Pending container requests 1.
2022-09-17 19:02:39,633 INFO  org.apache.flink.yarn.YarnResourceManager                     - Creating container launch context for TaskManagers
2022-09-17 19:02:39,634 INFO  org.apache.flink.yarn.YarnResourceManager                     - Starting TaskManagers



2022-09-17 19:02:39,791 INFO  org.apache.hadoop.yarn.client.api.async.impl.AMRMClientAsyncImpl  - ++test++ -- start++++++++++Heartbeat
2022-09-17 19:02:39,791 INFO  org.apache.hadoop.yarn.client.api.impl.AMRMClientImpl         - ++test++ -- ResourceName:* NumContainers:1
2022-09-17 19:02:39,806 INFO  org.apache.hadoop.yarn.client.api.async.impl.AMRMClientAsyncImpl  - ++test++ -- end++++++++++Heartbeat
2022-09-17 19:02:39,806 INFO  org.apache.hadoop.yarn.client.api.async.impl.AMRMClientAsyncImpl  - ++test++ -- get Allocated Containers ID:container_1663538792910_0016_01_000013
2022-09-17 19:02:39,807 INFO  org.apache.flink.yarn.YarnResourceManager                     - Received new container: container_1663538792910_0016_01_000013 - Remaining pending container requests: 1
#response with one prepared container
2022-09-17 19:02:39,808 INFO  org.apache.flink.yarn.YarnResourceManager                     - Removing container request Capability[<memory:1024, vCores:1>]Priority[1]. Pending container requests 0.
2022-09-17 19:02:40,006 INFO  org.apache.flink.yarn.YarnResourceManager                     - Creating container launch context for TaskManagers
2022-09-17 19:02:40,007 INFO  org.apache.flink.yarn.YarnResourceManager                     - Starting TaskManagers
2022-09-17 19:02:40,198 INFO  org.apache.flink.yarn.YarnResourceManager                     - Registering TaskManager with ResourceID container_1663538792910_0016_01_000005 (akka.tcp://flink@node02:34668/user/taskmanager_0) at ResourceManager



2022-09-17 19:02:40,308 INFO  org.apache.hadoop.yarn.client.api.async.impl.AMRMClientAsyncImpl  - ++test++ -- start++++++++++Heartbeat
2022-09-17 19:02:40,309 INFO  org.apache.hadoop.yarn.client.api.impl.AMRMClientImpl         - ++test++ -- ResourceName:* NumContainers:0
2022-09-17 19:02:40,318 INFO  org.apache.hadoop.yarn.client.api.async.impl.AMRMClientAsyncImpl  - ++test++ -- end++++++++++Heartbeat
2022-09-17 19:02:40,318 INFO  org.apache.hadoop.yarn.client.api.async.impl.AMRMClientAsyncImpl  - ++test++ -- get Allocated Containers ID:container_1663538792910_0016_01_000014
2022-09-17 19:02:40,319 INFO  org.apache.flink.yarn.YarnResourceManager                     - Received new container: container_1663538792910_0016_01_000014 - Remaining pending container requests: 0
#response one excessive container

2022-09-17 19:02:40,319 INFO  org.apache.flink.yarn.YarnResourceManager                     - Returning excess container container_1663538792910_0016_01_000014.
2022-09-17 19:02:42,588 INFO  org.apache.flink.yarn.YarnResourceManager                     - Registering TaskManager with ResourceID container_1663538792910_0016_01_000004 (akka.tcp://flink@node03:55829/user/taskmanager_0) at ResourceManager
2022-09-17 19:02:42,629 INFO  org.apache.flink.yarn.YarnResourceManager                     - Registering TaskManager with ResourceID container_1663538792910_0016_01_000006 (akka.tcp://flink@node03:42400/user/taskmanager_0) at ResourceManager
2022-09-17 19:02:42,672 INFO  org.apache.flink.yarn.YarnResourceManager                     - Registering TaskManager with ResourceID container_1663538792910_0016_01_000002 (akka.tcp://flink@node03:50581/user/taskmanager_0) at ResourceManager
2022-09-17 19:02:42,694 INFO  org.apache.flink.yarn.YarnResourceManager                     - Registering TaskManager with ResourceID container_1663538792910_0016_01_000002 (akka.tcp://flink@node03:50581/user/taskmanager_0) at ResourceManager
2022-09-17 19:02:42,780 INFO  org.apache.flink.yarn.YarnResourceManager                     - Registering TaskManager with ResourceID container_1663538792910_0016_01_000006 (akka.tcp://flink@node03:42400/user/taskmanager_0) at ResourceManager
2022-09-17 19:02:43,372 INFO  org.apache.flink.yarn.YarnResourceManager                     - Registering TaskManager with ResourceID container_1663538792910_0016_01_000007 (akka.tcp://flink@node02:42063/user/taskmanager_0) at ResourceManager
2022-09-17 19:02:45,330 INFO  org.apache.hadoop.yarn.client.api.async.impl.AMRMClientAsyncImpl  - ++test++ -- start++++++++++Heartbeat
2022-09-17 19:02:45,639 INFO  org.apache.hadoop.yarn.client.api.async.impl.AMRMClientAsyncImpl  - ++test++ -- end++++++++++Heartbeat
2022-09-17 19:02:47,204 INFO  org.apache.flink.yarn.YarnResourceManager                     - Registering TaskManager with ResourceID container_1663538792910_0016_01_000009 (akka.tcp://flink@node02:49109/user/taskmanager_0) at ResourceManager
2022-09-17 19:02:50,644 INFO  org.apache.hadoop.yarn.client.api.async.impl.AMRMClientAsyncImpl  - ++test++ -- start++++++++++Heartbeat
2022-09-17 19:02:50,899 INFO  org.apache.hadoop.yarn.client.api.async.impl.AMRMClientAsyncImpl  - ++test++ -- end++++++++++Heartbeat
2022-09-17 19:02:51,981 INFO  org.apache.flink.yarn.YarnResourceManager                     - Registering TaskManager with ResourceID container_1663538792910_0016_01_000011 (akka.tcp://flink@node02:58223/user/taskmanager_0) at ResourceManager
2022-09-17 19:02:54,102 INFO  org.apache.flink.yarn.YarnResourceManager                     - Registering TaskManager with ResourceID container_1663538792910_0016_01_000008 (akka.tcp://flink@node03:49088/user/taskmanager_0) at ResourceManager
2022-09-17 19:02:54,282 INFO  org.apache.flink.yarn.YarnResourceManager                     - Registering TaskManager with ResourceID container_1663538792910_0016_01_000008 (akka.tcp://flink@node03:49088/user/taskmanager_0) at ResourceManager
2022-09-17 19:02:54,332 INFO  org.apache.flink.yarn.YarnResourceManager                     - Registering TaskManager with ResourceID container_1663538792910_0016_01_000008 (akka.tcp://flink@node03:49088/user/taskmanager_0) at ResourceManager
2022-09-17 19:02:55,012 INFO  org.apache.flink.yarn.YarnResourceManager                     - Registering TaskManager with ResourceID container_1663538792910_0016_01_000013 (akka.tcp://flink@node02:36518/user/taskmanager_0) at ResourceManager
2022-09-17 19:02:55,368 INFO  org.apache.flink.yarn.YarnResourceManager                     - Registering TaskManager with ResourceID container_1663538792910_0016_01_000012 (akka.tcp://flink@node03:39272/user/taskmanager_0) at ResourceManager
2022-09-17 19:02:55,379 INFO  org.apache.flink.yarn.YarnResourceManager                     - Registering TaskManager with ResourceID container_1663538792910_0016_01_000010 (akka.tcp://flink@node03:54781/user/taskmanager_0) at ResourceManager
2022-09-17 19:02:55,494 INFO  org.apache.flink.runtime.executiongraph.ExecutionGraph        - Window(TumblingProcessingTimeWindows(5000), ProcessingTimeTrigger, ReduceFunction$1, PassThroughWindowFunction) (10/12) (684915f0af77248adc74ca07bdc544c3) switched from SCHEDULED to DEPLOYING.
2022-09-17 19:02:55,496 INFO  org.apache.flink.runtime.executiongraph.ExecutionGraph        - Deploying Window(TumblingProcessingTimeWindows(5000), ProcessingTimeTrigger, ReduceFunction$1, PassThroughWindowFunction) (10/12) (attempt #0) to node02
2022-09-17 19:02:55,900 INFO  org.apache.hadoop.yarn.client.api.async.impl.AMRMClientAsyncImpl  - ++test++ -- start++++++++++Heartbeat
2022-09-17 19:02:55,902 INFO  org.apache.hadoop.yarn.client.api.async.impl.AMRMClientAsyncImpl  - ++test++ -- end++++++++++Heartbeat
2022-09-17 19:02:55,955 INFO  org.apache.flink.runtime.executiongraph.ExecutionGraph        - Window(TumblingProcessingTimeWindows(5000), ProcessingTimeTrigger, ReduceFunction$1, PassThroughWindowFunction) (4/12) (4c9ba2aac06db7ba052979078a2a9b62) switched from SCHEDULED to DEPLOYING.
2022-09-17 19:02:55,955 INFO  org.apache.flink.runtime.executiongraph.ExecutionGraph        - Deploying Window(TumblingProcessingTimeWindows(5000), ProcessingTimeTrigger, ReduceFunction$1, PassThroughWindowFunction) (4/12) (attempt #0) to node02
2022-09-17 19:02:55,963 INFO  org.apache.flink.runtime.executiongraph.ExecutionGraph        - Window(TumblingProcessingTimeWindows(5000), ProcessingTimeTrigger, ReduceFunction$1, PassThroughWindowFunction) (2/12) (f6162ef89ef414206ad648942c6d2fc1) switched from SCHEDULED to DEPLOYING.
2022-09-17 19:02:55,964 INFO  org.apache.flink.runtime.executiongraph.ExecutionGraph        - Deploying Window(TumblingProcessingTimeWindows(5000), ProcessingTimeTrigger, ReduceFunction$1, PassThroughWindowFunction) (2/12) (attempt #0) to node03
2022-09-17 19:02:55,970 INFO  org.apache.flink.runtime.executiongraph.ExecutionGraph        - Window(TumblingProcessingTimeWindows(5000), ProcessingTimeTrigger, ReduceFunction$1, PassThroughWindowFunction) (7/12) (3930ce72adfefd085772326900bc17d2) switched from SCHEDULED to DEPLOYING.
2022-09-17 19:02:55,970 INFO  org.apache.flink.runtime.executiongraph.ExecutionGraph        - Deploying Window(TumblingProcessingTimeWindows(5000), ProcessingTimeTrigger, ReduceFunction$1, PassThroughWindowFunction) (7/12) (attempt #0) to node03
2022-09-17 19:02:55,980 INFO  org.apache.flink.runtime.executiongraph.ExecutionGraph        - Window(TumblingProcessingTimeWindows(5000), ProcessingTimeTrigger, ReduceFunction$1, PassThroughWindowFunction) (12/12) (4534f426477a2f1b5528c3a798e194f4) switched from SCHEDULED to DEPLOYING.
2022-09-17 19:02:55,981 INFO  org.apache.flink.runtime.executiongraph.ExecutionGraph        - Deploying Window(TumblingProcessingTimeWindows(5000), ProcessingTimeTrigger, ReduceFunction$1, PassThroughWindowFunction) (12/12) (attempt #0) to node03
2022-09-17 19:02:55,993 INFO  org.apache.flink.runtime.executiongraph.ExecutionGraph        - Window(TumblingProcessingTimeWindows(5000), ProcessingTimeTrigger, ReduceFunction$1, PassThroughWindowFunction) (6/12) (e6ce9ea4a2077bf6c8f9d610d64b40df) switched from SCHEDULED to DEPLOYING.
2022-09-17 19:02:55,994 INFO  org.apache.flink.runtime.executiongraph.ExecutionGraph        - Deploying Window(TumblingProcessingTimeWindows(5000), ProcessingTimeTrigger, ReduceFunction$1, PassThroughWindowFunction) (6/12) (attempt #0) to node02
2022-09-17 19:02:56,000 INFO  org.apache.flink.runtime.executiongraph.ExecutionGraph        - Sink: Print to Std. Out (1/1) (e0285dd69321c83c3196d60069d1310c) switched from SCHEDULED to DEPLOYING.
2022-09-17 19:02:56,001 INFO  org.apache.flink.runtime.executiongraph.ExecutionGraph        - Deploying Sink: Print to Std. Out (1/1) (attempt #0) to node02
2022-09-17 19:02:56,018 INFO  org.apache.flink.runtime.executiongraph.ExecutionGraph        - Window(TumblingProcessingTimeWindows(5000), ProcessingTimeTrigger, ReduceFunction$1, PassThroughWindowFunction) (1/12) (a22638bb0a8ae0441814078696697f06) switched from SCHEDULED to DEPLOYING.
2022-09-17 19:02:56,018 INFO  org.apache.flink.runtime.executiongraph.ExecutionGraph        - Deploying Window(TumblingProcessingTimeWindows(5000), ProcessingTimeTrigger, ReduceFunction$1, PassThroughWindowFunction) (1/12) (attempt #0) to node02
2022-09-17 19:02:56,029 INFO  org.apache.flink.runtime.executiongraph.ExecutionGraph        - Source: Socket Stream (1/1) (5262a7cc971ecb2879a9b89a8c956b55) switched from SCHEDULED to DEPLOYING.
2022-09-17 19:02:56,030 INFO  org.apache.flink.runtime.executiongraph.ExecutionGraph        - Deploying Source: Socket Stream (1/1) (attempt #0) to node02
2022-09-17 19:02:56,042 INFO  org.apache.flink.runtime.executiongraph.ExecutionGraph        - Flat Map (12/12) (ffad69bd2a900d2b58b4c3fe21baf938) switched from SCHEDULED to DEPLOYING.
2022-09-17 19:02:56,042 INFO  org.apache.flink.runtime.executiongraph.ExecutionGraph        - Deploying Flat Map (12/12) (attempt #0) to node02
2022-09-17 19:02:56,052 INFO  org.apache.flink.runtime.executiongraph.ExecutionGraph        - Flat Map (11/12) (8408cb9f71e8d728f7b5af4d6d2693e2) switched from SCHEDULED to DEPLOYING.
2022-09-17 19:02:56,053 INFO  org.apache.flink.runtime.executiongraph.ExecutionGraph        - Deploying Flat Map (11/12) (attempt #0) to node02
2022-09-17 19:02:56,057 INFO  org.apache.flink.runtime.executiongraph.ExecutionGraph        - Flat Map (9/12) (619044f8f348e90d6e07eb52ed8e4ec7) switched from SCHEDULED to DEPLOYING.
2022-09-17 19:02:56,057 INFO  org.apache.flink.runtime.executiongraph.ExecutionGraph        - Deploying Flat Map (9/12) (attempt #0) to node02
2022-09-17 19:02:56,061 INFO  org.apache.flink.runtime.executiongraph.ExecutionGraph        - Flat Map (10/12) (c5607f660927481f37ca7aca82d95e41) switched from SCHEDULED to DEPLOYING.
2022-09-17 19:02:56,062 INFO  org.apache.flink.runtime.executiongraph.ExecutionGraph        - Deploying Flat Map (10/12) (attempt #0) to node02
2022-09-17 19:02:56,077 INFO  org.apache.flink.runtime.executiongraph.ExecutionGraph        - Flat Map (8/12) (b85492a28006c37ef14d7cc34b6de098) switched from SCHEDULED to DEPLOYING.
2022-09-17 19:02:56,078 INFO  org.apache.flink.runtime.executiongraph.ExecutionGraph        - Deploying Flat Map (8/12) (attempt #0) to node03
2022-09-17 19:02:56,083 INFO  org.apache.flink.runtime.executiongraph.ExecutionGraph        - Flat Map (7/12) (20fa3c96621cb316cbdc157eca7d810e) switched from SCHEDULED to DEPLOYING.
2022-09-17 19:02:56,083 INFO  org.apache.flink.runtime.executiongraph.ExecutionGraph        - Deploying Flat Map (7/12) (attempt #0) to node03
2022-09-17 19:02:56,087 INFO  org.apache.flink.runtime.executiongraph.ExecutionGraph        - Flat Map (6/12) (320eac63b12e070cd4c7c9ed6db4cd37) switched from SCHEDULED to DEPLOYING.
2022-09-17 19:02:56,087 INFO  org.apache.flink.runtime.executiongraph.ExecutionGraph        - Deploying Flat Map (6/12) (attempt #0) to node03
2022-09-17 19:02:56,093 INFO  org.apache.flink.runtime.executiongraph.ExecutionGraph        - Flat Map (4/12) (d451abd6126e53ca957ec28fe62bec5a) switched from SCHEDULED to DEPLOYING.
2022-09-17 19:02:56,094 INFO  org.apache.flink.runtime.executiongraph.ExecutionGraph        - Deploying Flat Map (4/12) (attempt #0) to node02
2022-09-17 19:02:56,102 INFO  org.apache.flink.runtime.executiongraph.ExecutionGraph        - Window(TumblingProcessingTimeWindows(5000), ProcessingTimeTrigger, ReduceFunction$1, PassThroughWindowFunction) (9/12) (d3bb744b04d057cea0ca2d98b0561e87) switched from SCHEDULED to DEPLOYING.
2022-09-17 19:02:56,102 INFO  org.apache.flink.runtime.executiongraph.ExecutionGraph        - Deploying Window(TumblingProcessingTimeWindows(5000), ProcessingTimeTrigger, ReduceFunction$1, PassThroughWindowFunction) (9/12) (attempt #0) to node02
2022-09-17 19:02:56,111 INFO  org.apache.flink.runtime.executiongraph.ExecutionGraph        - Flat Map (5/12) (17cea885282d73a84732aff8450e9f54) switched from SCHEDULED to DEPLOYING.
2022-09-17 19:02:56,111 INFO  org.apache.flink.runtime.executiongraph.ExecutionGraph        - Deploying Flat Map (5/12) (attempt #0) to node03
2022-09-17 19:02:56,113 INFO  org.apache.flink.runtime.executiongraph.ExecutionGraph        - Window(TumblingProcessingTimeWindows(5000), ProcessingTimeTrigger, ReduceFunction$1, PassThroughWindowFunction) (5/12) (0be99e545119d538f9ec365a82401238) switched from SCHEDULED to DEPLOYING.
2022-09-17 19:02:56,113 INFO  org.apache.flink.runtime.executiongraph.ExecutionGraph        - Deploying Window(TumblingProcessingTimeWindows(5000), ProcessingTimeTrigger, ReduceFunction$1, PassThroughWindowFunction) (5/12) (attempt #0) to node03
2022-09-17 19:02:56,164 INFO  org.apache.flink.runtime.executiongraph.ExecutionGraph        - Flat Map (2/12) (44a0366a415dd3fd461e97322a31317b) switched from SCHEDULED to DEPLOYING.
2022-09-17 19:02:56,164 INFO  org.apache.flink.runtime.executiongraph.ExecutionGraph        - Deploying Flat Map (2/12) (attempt #0) to node02
2022-09-17 19:02:56,166 INFO  org.apache.flink.runtime.executiongraph.ExecutionGraph        - Window(TumblingProcessingTimeWindows(5000), ProcessingTimeTrigger, ReduceFunction$1, PassThroughWindowFunction) (11/12) (907cbf4b97e49ea7cbed0745f8bb353d) switched from SCHEDULED to DEPLOYING.
2022-09-17 19:02:56,167 INFO  org.apache.flink.runtime.executiongraph.ExecutionGraph        - Deploying Window(TumblingProcessingTimeWindows(5000), ProcessingTimeTrigger, ReduceFunction$1, PassThroughWindowFunction) (11/12) (attempt #0) to node02
2022-09-17 19:02:56,196 INFO  org.apache.flink.runtime.executiongraph.ExecutionGraph        - Flat Map (3/12) (9aafcd1592c53a6416e4d5266e5e7172) switched from SCHEDULED to DEPLOYING.
2022-09-17 19:02:56,196 INFO  org.apache.flink.runtime.executiongraph.ExecutionGraph        - Deploying Flat Map (3/12) (attempt #0) to node03
2022-09-17 19:02:56,205 INFO  org.apache.flink.runtime.executiongraph.ExecutionGraph        - Window(TumblingProcessingTimeWindows(5000), ProcessingTimeTrigger, ReduceFunction$1, PassThroughWindowFunction) (8/12) (c0de12f5dd18de12f54880a83b75e03e) switched from SCHEDULED to DEPLOYING.
2022-09-17 19:02:56,205 INFO  org.apache.flink.runtime.executiongraph.ExecutionGraph        - Deploying Window(TumblingProcessingTimeWindows(5000), ProcessingTimeTrigger, ReduceFunction$1, PassThroughWindowFunction) (8/12) (attempt #0) to node03
2022-09-17 19:02:56,266 INFO  org.apache.flink.runtime.executiongraph.ExecutionGraph        - Flat Map (1/12) (284e2cd7862c182f9811a7aea9c4c285) switched from SCHEDULED to DEPLOYING.
2022-09-17 19:02:56,267 INFO  org.apache.flink.runtime.executiongraph.ExecutionGraph        - Deploying Flat Map (1/12) (attempt #0) to node03
2022-09-17 19:02:56,270 INFO  org.apache.flink.runtime.executiongraph.ExecutionGraph        - Window(TumblingProcessingTimeWindows(5000), ProcessingTimeTrigger, ReduceFunction$1, PassThroughWindowFunction) (3/12) (614962bbd63fd8804a9b525848673216) switched from SCHEDULED to DEPLOYING.
2022-09-17 19:02:56,270 INFO  org.apache.flink.runtime.executiongraph.ExecutionGraph        - Deploying Window(TumblingProcessingTimeWindows(5000), ProcessingTimeTrigger, ReduceFunction$1, PassThroughWindowFunction) (3/12) (attempt #0) to node03
2022-09-17 19:02:56,792 INFO  org.apache.flink.runtime.executiongraph.ExecutionGraph        - Sink: Print to Std. Out (1/1) (e0285dd69321c83c3196d60069d1310c) switched from DEPLOYING to RUNNING.
2022-09-17 19:02:56,990 INFO  org.apache.flink.runtime.executiongraph.ExecutionGraph        - Flat Map (2/12) (44a0366a415dd3fd461e97322a31317b) switched from DEPLOYING to RUNNING.
2022-09-17 19:02:57,035 INFO  org.apache.flink.runtime.executiongraph.ExecutionGraph        - Window(TumblingProcessingTimeWindows(5000), ProcessingTimeTrigger, ReduceFunction$1, PassThroughWindowFunction) (9/12) (d3bb744b04d057cea0ca2d98b0561e87) switched from DEPLOYING to RUNNING.
2022-09-17 19:02:57,050 INFO  org.apache.flink.runtime.executiongraph.ExecutionGraph        - Window(TumblingProcessingTimeWindows(5000), ProcessingTimeTrigger, ReduceFunction$1, PassThroughWindowFunction) (11/12) (907cbf4b97e49ea7cbed0745f8bb353d) switched from DEPLOYING to RUNNING.
2022-09-17 19:02:57,089 INFO  org.apache.flink.runtime.executiongraph.ExecutionGraph        - Flat Map (4/12) (d451abd6126e53ca957ec28fe62bec5a) switched from DEPLOYING to RUNNING.
2022-09-17 19:02:57,202 INFO  org.apache.flink.runtime.executiongraph.ExecutionGraph        - Window(TumblingProcessingTimeWindows(5000), ProcessingTimeTrigger, ReduceFunction$1, PassThroughWindowFunction) (8/12) (c0de12f5dd18de12f54880a83b75e03e) switched from DEPLOYING to RUNNING.
2022-09-17 19:02:57,205 INFO  org.apache.flink.runtime.executiongraph.ExecutionGraph        - Flat Map (3/12) (9aafcd1592c53a6416e4d5266e5e7172) switched from DEPLOYING to RUNNING.
2022-09-17 19:02:57,206 INFO  org.apache.flink.runtime.executiongraph.ExecutionGraph        - Flat Map (1/12) (284e2cd7862c182f9811a7aea9c4c285) switched from DEPLOYING to RUNNING.
2022-09-17 19:02:57,217 INFO  org.apache.flink.runtime.executiongraph.ExecutionGraph        - Window(TumblingProcessingTimeWindows(5000), ProcessingTimeTrigger, ReduceFunction$1, PassThroughWindowFunction) (3/12) (614962bbd63fd8804a9b525848673216) switched from DEPLOYING to RUNNING.
2022-09-17 19:02:57,280 INFO  org.apache.flink.runtime.executiongraph.ExecutionGraph        - Window(TumblingProcessingTimeWindows(5000), ProcessingTimeTrigger, ReduceFunction$1, PassThroughWindowFunction) (5/12) (0be99e545119d538f9ec365a82401238) switched from DEPLOYING to RUNNING.
2022-09-17 19:02:57,380 INFO  org.apache.flink.runtime.executiongraph.ExecutionGraph        - Flat Map (12/12) (ffad69bd2a900d2b58b4c3fe21baf938) switched from DEPLOYING to RUNNING.
2022-09-17 19:02:57,383 INFO  org.apache.flink.runtime.executiongraph.ExecutionGraph        - Source: Socket Stream (1/1) (5262a7cc971ecb2879a9b89a8c956b55) switched from DEPLOYING to RUNNING.
2022-09-17 19:02:57,396 INFO  org.apache.flink.runtime.executiongraph.ExecutionGraph        - Window(TumblingProcessingTimeWindows(5000), ProcessingTimeTrigger, ReduceFunction$1, PassThroughWindowFunction) (1/12) (a22638bb0a8ae0441814078696697f06) switched from DEPLOYING to RUNNING.
2022-09-17 19:02:57,399 INFO  org.apache.flink.runtime.executiongraph.ExecutionGraph        - Flat Map (5/12) (17cea885282d73a84732aff8450e9f54) switched from DEPLOYING to RUNNING.
2022-09-17 19:02:57,970 INFO  org.apache.flink.runtime.executiongraph.ExecutionGraph        - Window(TumblingProcessingTimeWindows(5000), ProcessingTimeTrigger, ReduceFunction$1, PassThroughWindowFunction) (12/12) (4534f426477a2f1b5528c3a798e194f4) switched from DEPLOYING to RUNNING.
2022-09-17 19:02:58,026 INFO  org.apache.flink.runtime.executiongraph.ExecutionGraph        - Flat Map (7/12) (20fa3c96621cb316cbdc157eca7d810e) switched from DEPLOYING to RUNNING.
2022-09-17 19:02:58,296 INFO  org.apache.flink.runtime.executiongraph.ExecutionGraph        - Window(TumblingProcessingTimeWindows(5000), ProcessingTimeTrigger, ReduceFunction$1, PassThroughWindowFunction) (7/12) (3930ce72adfefd085772326900bc17d2) switched from DEPLOYING to RUNNING.
2022-09-17 19:02:58,373 INFO  org.apache.flink.runtime.executiongraph.ExecutionGraph        - Flat Map (8/12) (b85492a28006c37ef14d7cc34b6de098) switched from DEPLOYING to RUNNING.
2022-09-17 19:02:59,109 INFO  org.apache.flink.runtime.executiongraph.ExecutionGraph        - Window(TumblingProcessingTimeWindows(5000), ProcessingTimeTrigger, ReduceFunction$1, PassThroughWindowFunction) (2/12) (f6162ef89ef414206ad648942c6d2fc1) switched from DEPLOYING to RUNNING.
2022-09-17 19:02:59,423 INFO  org.apache.flink.runtime.executiongraph.ExecutionGraph        - Flat Map (6/12) (320eac63b12e070cd4c7c9ed6db4cd37) switched from DEPLOYING to RUNNING.
2022-09-17 19:03:00,902 INFO  org.apache.hadoop.yarn.client.api.async.impl.AMRMClientAsyncImpl  - ++test++ -- start++++++++++Heartbeat
2022-09-17 19:03:00,912 INFO  org.apache.hadoop.yarn.client.api.async.impl.AMRMClientAsyncImpl  - ++test++ -- end++++++++++Heartbeat
2022-09-17 19:03:01,975 INFO  org.apache.flink.runtime.executiongraph.ExecutionGraph        - Flat Map (11/12) (8408cb9f71e8d728f7b5af4d6d2693e2) switched from DEPLOYING to RUNNING.
2022-09-17 19:03:01,976 INFO  org.apache.flink.runtime.executiongraph.ExecutionGraph        - Window(TumblingProcessingTimeWindows(5000), ProcessingTimeTrigger, ReduceFunction$1, PassThroughWindowFunction) (4/12) (4c9ba2aac06db7ba052979078a2a9b62) switched from DEPLOYING to RUNNING.
2022-09-17 19:03:02,188 INFO  org.apache.flink.runtime.executiongraph.ExecutionGraph        - Flat Map (9/12) (619044f8f348e90d6e07eb52ed8e4ec7) switched from DEPLOYING to RUNNING.
2022-09-17 19:03:02,188 INFO  org.apache.flink.runtime.executiongraph.ExecutionGraph        - Window(TumblingProcessingTimeWindows(5000), ProcessingTimeTrigger, ReduceFunction$1, PassThroughWindowFunction) (10/12) (684915f0af77248adc74ca07bdc544c3) switched from DEPLOYING to RUNNING.
2022-09-17 19:03:02,202 INFO  org.apache.flink.runtime.executiongraph.ExecutionGraph        - Window(TumblingProcessingTimeWindows(5000), ProcessingTimeTrigger, ReduceFunction$1, PassThroughWindowFunction) (6/12) (e6ce9ea4a2077bf6c8f9d610d64b40df) switched from DEPLOYING to RUNNING.
2022-09-17 19:03:02,204 INFO  org.apache.flink.runtime.executiongraph.ExecutionGraph        - Flat Map (10/12) (c5607f660927481f37ca7aca82d95e41) switched from DEPLOYING to RUNNING.
2022-09-17 19:03:05,913 INFO  org.apache.hadoop.yarn.client.api.async.impl.AMRMClientAsyncImpl  - ++test++ -- start++++++++++Heartbeat
2022-09-17 19:03:05,916 INFO  org.apache.hadoop.yarn.client.api.async.impl.AMRMClientAsyncImpl  - ++test++ -- end++++++++++Heartbeat
2022-09-17 19:03:10,922 INFO  org.apache.hadoop.yarn.client.api.async.impl.AMRMClientAsyncImpl  - ++test++ -- start++++++++++Heartbeat
2022-09-17 19:03:10,928 INFO  org.apache.hadoop.yarn.client.api.async.impl.AMRMClientAsyncImpl  - ++test++ -- end++++++++++Heartbeat
2022-09-17 19:03:15,929 INFO  org.apache.hadoop.yarn.client.api.async.impl.AMRMClientAsyncImpl  - ++test++ -- start++++++++++Heartbeat
2022-09-17 19:03:15,931 INFO  org.apache.hadoop.yarn.client.api.async.impl.AMRMClientAsyncImpl  - ++test++ -- end++++++++++Heartbeat
2022-09-17 19:03:21,140 INFO  org.apache.hadoop.yarn.client.api.async.impl.AMRMClientAsyncImpl  - ++test++ -- start++++++++++Heartbeat
2022-09-17 19:03:21,143 INFO  org.apache.hadoop.yarn.client.api.async.impl.AMRMClientAsyncImpl  - ++test++ -- end++++++++++Heartbeat
2022-09-17 19:03:26,143 INFO  org.apache.hadoop.yarn.client.api.async.impl.AMRMClientAsyncImpl  - ++test++ -- start++++++++++Heartbeat
2022-09-17 19:03:26,145 INFO  org.apache.hadoop.yarn.client.api.async.impl.AMRMClientAsyncImpl  - ++test++ -- end++++++++++Heartbeat
2022-09-17 19:03:31,145 INFO  org.apache.hadoop.yarn.client.api.async.impl.AMRMClientAsyncImpl  - ++test++ -- start++++++++++Heartbeat
2022-09-17 19:03:31,147 INFO  org.apache.hadoop.yarn.client.api.async.impl.AMRMClientAsyncImpl  - ++test++ -- end++++++++++Heartbeat
2022-09-17 19:03:36,148 INFO  org.apache.hadoop.yarn.client.api.async.impl.AMRMClientAsyncImpl  - ++test++ -- start++++++++++Heartbeat
2022-09-17 19:03:36,150 INFO  org.apache.hadoop.yarn.client.api.async.impl.AMRMClientAsyncImpl  - ++test++ -- end++++++++++Heartbeat
2022-09-17 19:03:41,150 INFO  org.apache.hadoop.yarn.client.api.async.impl.AMRMClientAsyncImpl  - ++test++ -- start++++++++++Heartbeat
2022-09-17 19:03:41,154 INFO  org.apache.hadoop.yarn.client.api.async.impl.AMRMClientAsyncImpl  - ++test++ -- end++++++++++Heartbeat
2022-09-17 19:03:46,154 INFO  org.apache.hadoop.yarn.client.api.async.impl.AMRMClientAsyncImpl  - ++test++ -- start++++++++++Heartbeat
2022-09-17 19:03:46,157 INFO  org.apache.hadoop.yarn.client.api.async.impl.AMRMClientAsyncImpl  - ++test++ -- end++++++++++Heartbeat
2022-09-17 19:03:51,158 INFO  org.apache.hadoop.yarn.client.api.async.impl.AMRMClientAsyncImpl  - ++test++ -- start++++++++++Heartbeat
2022-09-17 19:03:51,162 INFO  org.apache.hadoop.yarn.client.api.async.impl.AMRMClientAsyncImpl  - ++test++ -- end++++++++++Heartbeat
2022-09-17 19:03:56,163 INFO  org.apache.hadoop.yarn.client.api.async.impl.AMRMClientAsyncImpl  - ++test++ -- start++++++++++Heartbeat
2022-09-17 19:03:56,165 INFO  org.apache.hadoop.yarn.client.api.async.impl.AMRMClientAsyncImpl  - ++test++ -- end++++++++++Heartbeat
2022-09-17 19:04:01,165 INFO  org.apache.hadoop.yarn.client.api.async.impl.AMRMClientAsyncImpl  - ++test++ -- start++++++++++Heartbeat
2022-09-17 19:04:01,167 INFO  org.apache.hadoop.yarn.client.api.async.impl.AMRMClientAsyncImpl  - ++test++ -- end++++++++++Heartbeat
2022-09-17 19:04:06,168 INFO  org.apache.hadoop.yarn.client.api.async.impl.AMRMClientAsyncImpl  - ++test++ -- start++++++++++Heartbeat
2022-09-17 19:04:06,169 INFO  org.apache.hadoop.yarn.client.api.async.impl.AMRMClientAsyncImpl  - ++test++ -- end++++++++++Heartbeat
2022-09-17 19:04:11,170 INFO  org.apache.hadoop.yarn.client.api.async.impl.AMRMClientAsyncImpl  - ++test++ -- start++++++++++Heartbeat
2022-09-17 19:04:11,172 INFO  org.apache.hadoop.yarn.client.api.async.impl.AMRMClientAsyncImpl  - ++test++ -- end++++++++++Heartbeat
2022-09-17 19:04:16,172 INFO  org.apache.hadoop.yarn.client.api.async.impl.AMRMClientAsyncImpl  - ++test++ -- start++++++++++Heartbeat
2022-09-17 19:04:16,174 INFO  org.apache.hadoop.yarn.client.api.async.impl.AMRMClientAsyncImpl  - ++test++ -- end++++++++++Heartbeat
